13.6635 	WARNING 	Monitor specification not found. Creating a temporary one...
14.1545 	DEBUG 	TextBox2 loaded 1 chars with 0 blanks and 1 valid
14.1555 	DEBUG 	TextBox2 loaded 1 chars with 0 blanks and 1 valid
14.1565 	DEBUG 	TextBox2 loaded 1 chars with 0 blanks and 1 valid
14.1579 	DEBUG 	TextBox2 loaded 1 chars with 0 blanks and 1 valid
14.1593 	DEBUG 	TextBox2 loaded 1 chars with 0 blanks and 1 valid
14.1600 	DEBUG 	TextBox2 loaded 1 chars with 0 blanks and 1 valid
14.1615 	DEBUG 	TextBox2 loaded 1 chars with 0 blanks and 1 valid
14.1631 	DEBUG 	TextBox2 loaded 1 chars with 0 blanks and 1 valid
14.1637 	DEBUG 	TextBox2 loaded 1 chars with 0 blanks and 1 valid
14.1641 	DEBUG 	TextBox2 loaded 1 chars with 0 blanks and 1 valid
14.1651 	DEBUG 	TextBox2 loaded 1 chars with 0 blanks and 1 valid
14.1661 	DEBUG 	TextBox2 loaded 1 chars with 0 blanks and 1 valid
14.1670 	DEBUG 	TextBox2 loaded 1 chars with 0 blanks and 1 valid
14.1679 	DEBUG 	TextBox2 loaded 1 chars with 0 blanks and 1 valid
14.1687 	DEBUG 	TextBox2 loaded 1 chars with 0 blanks and 1 valid
14.1697 	DEBUG 	TextBox2 loaded 1 chars with 0 blanks and 1 valid
14.1706 	DEBUG 	TextBox2 loaded 1 chars with 0 blanks and 1 valid
14.1711 	DEBUG 	TextBox2 loaded 1 chars with 0 blanks and 1 valid
14.1716 	DEBUG 	TextBox2 loaded 1 chars with 0 blanks and 1 valid
14.1729 	DEBUG 	TextBox2 loaded 1 chars with 0 blanks and 1 valid
14.1733 	DEBUG 	TextBox2 loaded 1 chars with 0 blanks and 1 valid
14.1736 	DEBUG 	Uploading Texture Font fontname to graphics card
14.1785 	DEBUG 	Upload of Texture Font fontname complete
14.1840 	DEBUG 	TextBox2 loaded 1 chars with 0 blanks and 1 valid
14.1853 	DEBUG 	TextBox2 loaded 1 chars with 0 blanks and 1 valid
14.1866 	DEBUG 	TextBox2 loaded 1 chars with 0 blanks and 1 valid
14.1868 	DEBUG 	Uploading Texture Font fontname to graphics card
14.1893 	DEBUG 	Upload of Texture Font fontname complete
14.5328 	EXP 	Created window1 = Window(allowGUI=False, allowStencil=False, autoLog=True, backendConf=UNKNOWN, backgroundFit=<method-wrapper '__getattribute__' of attributeSetter object at 0x00000240EC2A7250>, backgroundImage=<method-wrapper '__getattribute__' of attributeSetter object at 0x00000240EA146910>, bitsMode=UNKNOWN, blendMode='avg', bpc=(8, 8, 8), color=array([-1, -1, -1]), colorSpace='rgb', depthBits=8, fullscr=True, gamma=None, gammaErrorPolicy='raise', infoMsg=UNKNOWN, lms=UNKNOWN, monitor=<psychopy.monitors.calibTools.Monitor object at 0x00000240EC3C7610>, multiSample=False, name='window1', numSamples=2, pos=(1920, 0), screen=1, size=array([1920, 1080]), stencilBits=0, stereo=False, title='PsychoPy', units='height', useFBO=True, useRetina=False, viewOri=0.0, viewPos=None, viewScale=None, waitBlanking=True, winType='pyglet')
14.5328 	EXP 	window1: backgroundImage = None
14.5329 	EXP 	window1: backgroundFit = 'cover'
14.5350 	EXP 	window1: Attempting to measure frame rate of screen (1) ...
14.5351 	EXP 	window1: recordFrameIntervals = False
14.6982 	EXP 	window1: recordFrameIntervals = True
14.8819 	EXP 	Screen (1) actual frame rate measured at 60.01Hz
14.8820 	EXP 	window1: recordFrameIntervals = False
15.0319 	INFO 	keyboard.Keyboard is using ptb backend.
15.0320 	INFO 	Keyboard events cleared
15.0722 	EXP 	Created unnamed TextStim = TextStim(__class__=<class 'psychopy.visual.text.TextStim'>, alignHoriz=method-wrapper(...), alignText='center', alignVert=method-wrapper(...), anchorHoriz='center', anchorVert='center', antialias=True, autoDraw=False, autoLog=True, bold=False, color=array([1., 1., 1.]), colorSpace='rgb', contrast=1.0, depth=0, draggable=False, flipHoriz=False, flipVert=False, font='', fontFiles=[], height=0.03, italic=False, languageStyle='LTR', name='unnamed TextStim', opacity=1.0, ori=0.0, pos=array([ 0.  , -0.25]), rgb=UNKNOWN, text='Leertaste drücken um zu starten', units='height', win=Window(...), wrapWidth=1)
15.0752 	EXP 	Created unnamed TextStim = TextStim(__class__=<class 'psychopy.visual.text.TextStim'>, alignHoriz=method-wrapper(...), alignText='center', alignVert=method-wrapper(...), anchorHoriz='center', anchorVert='center', antialias=True, autoDraw=False, autoLog=True, bold=False, color=array([1., 1., 1.]), colorSpace='rgb', contrast=1.0, depth=0, draggable=False, flipHoriz=False, flipVert=False, font='', fontFiles=[], height=0.03, italic=False, languageStyle='LTR', name='unnamed TextStim', opacity=1.0, ori=0.0, pos=array([ 0.  , -0.25]), rgb=UNKNOWN, text='Leertaste drücken um weiterzumachen', units='height', win=Window(...), wrapWidth=1)
15.0752 	INFO 	Mouse: using default window
15.0759 	EXP 	Created unnamed Rect = Rect(__class__=<class 'psychopy.visual.rect.Rect'>, anchor=('center', 'center'), autoDraw=False, autoLog=True, closeShape=True, color=method-wrapper(...), colorSpace='rgb', contrast=None, depth=0, draggable=False, fillColor=array([-1,  1,  1]), fillColorSpace='rgb', fillRGB=array([-1,  1,  1]), interpolate=True, lineColor=array([0., 0., 0.]), lineColorSpace='rgb', lineRGB=array([0, 0, 0]), lineWidth=1.5, name='unnamed Rect', opacity=1, ori=0.0, pos=array([0., 0.]), size=array([0.15, 0.15]), units='height', vertices=ndarray(...), win=Window(...))
15.0766 	EXP 	Created unnamed Rect = Rect(__class__=<class 'psychopy.visual.rect.Rect'>, anchor=('center', 'center'), autoDraw=False, autoLog=True, closeShape=True, color=method-wrapper(...), colorSpace='rgb', contrast=None, depth=0, draggable=False, fillColor=array([ 1,  1, -1]), fillColorSpace='rgb', fillRGB=array([ 1,  1, -1]), interpolate=True, lineColor=array([0., 0., 0.]), lineColorSpace='rgb', lineRGB=array([0, 0, 0]), lineWidth=1.5, name='unnamed Rect', opacity=1, ori=0.0, pos=array([0., 0.]), size=array([0.15, 0.15]), units='height', vertices=ndarray(...), win=Window(...))
15.0774 	EXP 	Created unnamed Rect = Rect(__class__=<class 'psychopy.visual.rect.Rect'>, anchor=('center', 'center'), autoDraw=False, autoLog=True, closeShape=True, color=method-wrapper(...), colorSpace='rgb', contrast=None, depth=0, draggable=False, fillColor=array([ 1, -1,  1]), fillColorSpace='rgb', fillRGB=array([ 1, -1,  1]), interpolate=True, lineColor=array([0., 0., 0.]), lineColorSpace='rgb', lineRGB=array([0, 0, 0]), lineWidth=1.5, name='unnamed Rect', opacity=1, ori=0.0, pos=array([0., 0.]), size=array([0.15, 0.15]), units='height', vertices=ndarray(...), win=Window(...))
15.0830 	EXP 	Created unnamed TextStim = TextStim(__class__=<class 'psychopy.visual.text.TextStim'>, alignHoriz=method-wrapper(...), alignText='center', alignVert=method-wrapper(...), anchorHoriz='center', anchorVert='center', antialias=True, autoDraw=False, autoLog=True, bold=True, color=array([-1.,  1., -1.]), colorSpace='rgb', contrast=1.0, depth=0, draggable=False, flipHoriz=False, flipVert=False, font='', fontFiles=[], height=0.05, italic=False, languageStyle='LTR', name='unnamed TextStim', opacity=1.0, ori=0.0, pos=array([0., 0.]), rgb=UNKNOWN, text='Keine \nBewegung', units='height', win=Window(...), wrapWidth=1)
15.0848 	EXP 	Created unnamed ShapeStim = ShapeStim(__class__=<class 'psychopy.visual.shape.ShapeStim'>, anchor=('center', 'center'), autoDraw=False, autoLog=True, closeShape=False, color=method-wrapper(...), colorSpace='rgb', contrast=None, depth=0, draggable=False, fillColor=array([0, 0, 0]), fillColorSpace='rgb', fillRGB=array([0, 0, 0]), interpolate=True, lineColor=array([0.00392157, 0.00392157, 0.00392157]), lineColorSpace='rgb', lineRGB=array([0.00392157, 0.00392157, 0.00392157]), lineWidth=8, name='unnamed ShapeStim', opacity=1.0, ori=0.0, pos=array([0., 0.]), size=array([1., 1.]), units='height', vertices=ndarray(...), win=Window(...), windingRule=None)
15.0936 	EXP 	Created unnamed TextStim = TextStim(__class__=<class 'psychopy.visual.text.TextStim'>, alignHoriz=method-wrapper(...), alignText='center', alignVert=method-wrapper(...), anchorHoriz='center', anchorVert='center', antialias=True, autoDraw=False, autoLog=True, bold=False, color=array([1., 1., 1.]), colorSpace='rgb', contrast=1.0, depth=0, draggable=False, flipHoriz=False, flipVert=False, font='', fontFiles=[], height=0.07, italic=False, languageStyle='LTR', name='unnamed TextStim', opacity=1.0, ori=0.0, pos=array([0., 0.]), rgb=UNKNOWN, text='Willkommen zu unserer Untersuchung!', units='height', win=Window(...), wrapWidth=1)
18.4170 	DATA 	Keypress: space
18.4255 	EXP 	Created unnamed TextStim = TextStim(__class__=<class 'psychopy.visual.text.TextStim'>, alignHoriz=method-wrapper(...), alignText='center', alignVert=method-wrapper(...), anchorHoriz='center', anchorVert='center', antialias=True, autoDraw=False, autoLog=True, bold=False, color=array([1., 1., 1.]), colorSpace='rgb', contrast=1.0, depth=0, draggable=False, flipHoriz=False, flipVert=False, font='', fontFiles=[], height=0.07, italic=False, languageStyle='LTR', name='unnamed TextStim', opacity=1.0, ori=0.0, pos=array([0., 0.]), rgb=UNKNOWN, text='Pause', units='height', win=Window(...), wrapWidth=1)
18.4265 	EXP 	Device response: <KeyPress from None: t=18.330128700006753, value=space, duration=None>
18.4285 	EXP 	unnamed ShapeStim: borderColor = 'white'
18.4487 	EXP 	Device response: <KeyPress from None: t=18.330128700006753, value=space, duration=0.114917200000491>
19.4485 	EXP 	unnamed ShapeStim: borderColor = 'red'
21.0182 	DATA 	Mouse: Left button down, pos=(950,102)
21.7315 	EXP 	unnamed Rect: fillColor = 'red'
22.7483 	EXP 	unnamed Rect: fillColor = 'aqua'
22.7483 	EXP 	unnamed Rect: fillColor = 'yellow'
22.7483 	EXP 	unnamed Rect: fillColor = 'fuchsia'
22.7483 	EXP 	unnamed ShapeStim: borderColor = 'white'
23.6316 	EXP 	unnamed ShapeStim: borderColor = 'red'
27.1985 	EXP 	unnamed ShapeStim: borderColor = 'white'
28.5816 	EXP 	unnamed ShapeStim: borderColor = 'red'
32.0980 	EXP 	unnamed ShapeStim: borderColor = 'white'
34.8816 	EXP 	unnamed ShapeStim: borderColor = 'red'
38.0485 	EXP 	unnamed Rect: fillColor = 'red'
39.0649 	EXP 	unnamed Rect: fillColor = 'aqua'
39.0649 	EXP 	unnamed Rect: fillColor = 'yellow'
39.0649 	EXP 	unnamed Rect: fillColor = 'fuchsia'
39.0649 	EXP 	unnamed ShapeStim: borderColor = 'white'
40.2650 	EXP 	unnamed ShapeStim: borderColor = 'red'
43.5815 	EXP 	unnamed Rect: fillColor = 'red'
44.5981 	EXP 	unnamed Rect: fillColor = 'aqua'
44.5981 	EXP 	unnamed Rect: fillColor = 'yellow'
44.5981 	EXP 	unnamed Rect: fillColor = 'fuchsia'
44.5981 	EXP 	unnamed ShapeStim: borderColor = 'white'
46.1982 	EXP 	unnamed ShapeStim: borderColor = 'red'
49.6147 	EXP 	unnamed Rect: fillColor = 'red'
50.6315 	EXP 	unnamed Rect: fillColor = 'aqua'
50.6315 	EXP 	unnamed Rect: fillColor = 'yellow'
50.6315 	EXP 	unnamed Rect: fillColor = 'fuchsia'
50.6315 	EXP 	unnamed ShapeStim: borderColor = 'white'
51.5314 	EXP 	unnamed ShapeStim: borderColor = 'red'
55.0482 	EXP 	unnamed ShapeStim: borderColor = 'white'
55.0482 	EXP 	unnamed ShapeStim: borderColor = 'red'
58.1982 	EXP 	unnamed Rect: fillColor = 'red'
59.2148 	EXP 	unnamed Rect: fillColor = 'aqua'
59.2148 	EXP 	unnamed Rect: fillColor = 'yellow'
59.2148 	EXP 	unnamed Rect: fillColor = 'fuchsia'
59.2148 	EXP 	unnamed ShapeStim: borderColor = 'white'
61.0484 	EXP 	unnamed ShapeStim: borderColor = 'red'
63.9816 	EXP 	unnamed Rect: fillColor = 'red'
64.9979 	EXP 	unnamed Rect: fillColor = 'aqua'
64.9979 	EXP 	unnamed Rect: fillColor = 'yellow'
64.9979 	EXP 	unnamed Rect: fillColor = 'fuchsia'
64.9979 	EXP 	unnamed ShapeStim: borderColor = 'white'
66.4646 	EXP 	unnamed ShapeStim: borderColor = 'red'
69.9810 	EXP 	unnamed ShapeStim: borderColor = 'white'
70.4814 	EXP 	unnamed ShapeStim: borderColor = 'red'
73.1247 	DATA 	Mouse:  Left button up, pos=(936,114)
74.2527 	DATA 	Mouse: Left button down, pos=(924,99)
74.2537 	DATA 	Mouse:  Left button up, pos=(924,99)
74.7094 	DATA 	Mouse: Left button down, pos=(904,72)
74.7113 	DATA 	Mouse:  Left button up, pos=(904,72)
75.6237 	DATA 	Mouse: Left button down, pos=(894,50)
76.2703 	EXP 	unnamed ShapeStim: borderColor = 'white'
76.3239 	DATA 	Mouse:  Left button up, pos=(877,25)
77.3395 	DATA 	Mouse: Left button down, pos=(878,14)
77.4547 	DATA 	Mouse:  Left button up, pos=(932,24)
87.1020 	EXP 	unnamed ShapeStim: borderColor = 'red'
90.1363 	DATA 	Mouse: Left button down, pos=(953,106)
90.6016 	EXP 	unnamed ShapeStim: borderColor = 'white'
90.6016 	EXP 	unnamed ShapeStim: borderColor = 'red'
94.1182 	EXP 	unnamed ShapeStim: borderColor = 'white'
97.0185 	EXP 	unnamed ShapeStim: borderColor = 'red'
99.7352 	EXP 	unnamed Rect: fillColor = 'red'
100.7517 	EXP 	unnamed Rect: fillColor = 'aqua'
100.7517 	EXP 	unnamed Rect: fillColor = 'yellow'
100.7517 	EXP 	unnamed Rect: fillColor = 'fuchsia'
100.7517 	EXP 	unnamed ShapeStim: borderColor = 'white'
101.8851 	EXP 	unnamed ShapeStim: borderColor = 'red'
105.4020 	EXP 	unnamed ShapeStim: borderColor = 'white'
105.4020 	EXP 	unnamed ShapeStim: borderColor = 'red'
108.8017 	EXP 	unnamed ShapeStim: borderColor = 'white'
109.9856 	EXP 	unnamed ShapeStim: borderColor = 'red'
113.5180 	EXP 	unnamed ShapeStim: borderColor = 'white'
113.5180 	EXP 	unnamed ShapeStim: borderColor = 'red'
116.2017 	EXP 	unnamed Rect: fillColor = 'red'
117.2184 	EXP 	unnamed Rect: fillColor = 'aqua'
117.2184 	EXP 	unnamed Rect: fillColor = 'yellow'
117.2184 	EXP 	unnamed Rect: fillColor = 'fuchsia'
117.2184 	EXP 	unnamed ShapeStim: borderColor = 'white'
118.0849 	EXP 	unnamed ShapeStim: borderColor = 'red'
121.6015 	EXP 	unnamed ShapeStim: borderColor = 'white'
121.6015 	EXP 	unnamed ShapeStim: borderColor = 'red'
124.4848 	EXP 	unnamed Rect: fillColor = 'red'
125.5016 	EXP 	unnamed Rect: fillColor = 'aqua'
125.5016 	EXP 	unnamed Rect: fillColor = 'yellow'
125.5016 	EXP 	unnamed Rect: fillColor = 'fuchsia'
125.5016 	EXP 	unnamed ShapeStim: borderColor = 'white'
126.5017 	EXP 	unnamed ShapeStim: borderColor = 'red'
130.0181 	EXP 	unnamed ShapeStim: borderColor = 'white'
132.7348 	EXP 	unnamed ShapeStim: borderColor = 'red'
136.2519 	EXP 	unnamed ShapeStim: borderColor = 'white'
136.2519 	EXP 	unnamed ShapeStim: borderColor = 'red'
139.7181 	EXP 	unnamed ShapeStim: borderColor = 'white'
141.0682 	EXP 	unnamed ShapeStim: borderColor = 'red'
144.6014 	EXP 	unnamed ShapeStim: borderColor = 'white'
145.5517 	EXP 	unnamed ShapeStim: borderColor = 'red'
148.0348 	EXP 	unnamed Rect: fillColor = 'red'
149.0517 	EXP 	unnamed Rect: fillColor = 'aqua'
149.0517 	EXP 	unnamed Rect: fillColor = 'yellow'
149.0517 	EXP 	unnamed Rect: fillColor = 'fuchsia'
149.0517 	EXP 	unnamed ShapeStim: borderColor = 'white'
149.7683 	EXP 	unnamed ShapeStim: borderColor = 'red'
153.3013 	EXP 	unnamed ShapeStim: borderColor = 'white'
153.7349 	EXP 	unnamed ShapeStim: borderColor = 'red'
157.2677 	EXP 	unnamed ShapeStim: borderColor = 'white'
157.2677 	EXP 	unnamed ShapeStim: borderColor = 'red'
160.8013 	EXP 	unnamed ShapeStim: borderColor = 'white'
160.8013 	EXP 	unnamed ShapeStim: borderColor = 'red'
164.3347 	EXP 	unnamed ShapeStim: borderColor = 'white'
164.3347 	EXP 	unnamed ShapeStim: borderColor = 'red'
167.5680 	EXP 	unnamed ShapeStim: borderColor = 'white'
169.3850 	EXP 	unnamed ShapeStim: borderColor = 'red'
172.5352 	EXP 	unnamed Rect: fillColor = 'red'
173.5513 	EXP 	unnamed Rect: fillColor = 'aqua'
173.5513 	EXP 	unnamed Rect: fillColor = 'yellow'
173.5513 	EXP 	unnamed Rect: fillColor = 'fuchsia'
173.5513 	EXP 	unnamed ShapeStim: borderColor = 'white'
174.3681 	EXP 	unnamed ShapeStim: borderColor = 'red'
177.8844 	EXP 	unnamed ShapeStim: borderColor = 'white'
177.8844 	EXP 	unnamed ShapeStim: borderColor = 'red'
180.3347 	EXP 	unnamed Rect: fillColor = 'red'
181.3512 	EXP 	unnamed Rect: fillColor = 'aqua'
181.3512 	EXP 	unnamed Rect: fillColor = 'yellow'
181.3512 	EXP 	unnamed Rect: fillColor = 'fuchsia'
181.3512 	EXP 	unnamed ShapeStim: borderColor = 'white'
182.2681 	EXP 	unnamed ShapeStim: borderColor = 'red'
185.7847 	EXP 	unnamed ShapeStim: borderColor = 'white'
185.7847 	EXP 	unnamed ShapeStim: borderColor = 'red'
189.6014 	EXP 	unnamed ShapeStim: borderColor = 'white'
190.4015 	EXP 	unnamed ShapeStim: borderColor = 'red'
193.9347 	EXP 	unnamed ShapeStim: borderColor = 'white'
193.9347 	EXP 	unnamed ShapeStim: borderColor = 'red'
196.2179 	EXP 	unnamed Rect: fillColor = 'red'
197.2345 	EXP 	unnamed Rect: fillColor = 'aqua'
197.2345 	EXP 	unnamed Rect: fillColor = 'yellow'
197.2345 	EXP 	unnamed Rect: fillColor = 'fuchsia'
197.2345 	EXP 	unnamed ShapeStim: borderColor = 'white'
198.0179 	EXP 	unnamed ShapeStim: borderColor = 'red'
201.5346 	EXP 	unnamed ShapeStim: borderColor = 'white'
201.5346 	EXP 	unnamed ShapeStim: borderColor = 'red'
204.8010 	EXP 	unnamed ShapeStim: borderColor = 'white'
209.6679 	EXP 	unnamed ShapeStim: borderColor = 'red'
213.0680 	EXP 	unnamed Rect: fillColor = 'red'
214.0849 	EXP 	unnamed Rect: fillColor = 'aqua'
214.0849 	EXP 	unnamed Rect: fillColor = 'yellow'
214.0849 	EXP 	unnamed Rect: fillColor = 'fuchsia'
214.0849 	EXP 	unnamed ShapeStim: borderColor = 'white'
214.8680 	EXP 	unnamed ShapeStim: borderColor = 'red'
219.4846 	EXP 	unnamed Rect: fillColor = 'red'
220.5012 	EXP 	unnamed Rect: fillColor = 'aqua'
220.5012 	EXP 	unnamed Rect: fillColor = 'yellow'
220.5012 	EXP 	unnamed Rect: fillColor = 'fuchsia'
220.5012 	EXP 	unnamed ShapeStim: borderColor = 'white'
221.5516 	EXP 	unnamed ShapeStim: borderColor = 'red'
224.7178 	EXP 	unnamed Rect: fillColor = 'red'
225.7348 	EXP 	unnamed Rect: fillColor = 'aqua'
225.7348 	EXP 	unnamed Rect: fillColor = 'yellow'
225.7348 	EXP 	unnamed Rect: fillColor = 'fuchsia'
225.7348 	EXP 	unnamed ShapeStim: borderColor = 'white'
226.9844 	EXP 	unnamed ShapeStim: borderColor = 'red'
230.5011 	EXP 	unnamed Rect: fillColor = 'red'
231.5177 	EXP 	unnamed Rect: fillColor = 'aqua'
231.5177 	EXP 	unnamed Rect: fillColor = 'yellow'
231.5177 	EXP 	unnamed Rect: fillColor = 'fuchsia'
231.5177 	EXP 	unnamed ShapeStim: borderColor = 'white'
232.7176 	EXP 	unnamed ShapeStim: borderColor = 'red'
236.2513 	EXP 	unnamed ShapeStim: borderColor = 'white'
236.2513 	EXP 	unnamed ShapeStim: borderColor = 'red'
239.4344 	EXP 	unnamed Rect: fillColor = 'red'
240.4511 	EXP 	unnamed Rect: fillColor = 'aqua'
240.4511 	EXP 	unnamed Rect: fillColor = 'yellow'
240.4511 	EXP 	unnamed Rect: fillColor = 'fuchsia'
241.7694 	DATA 	Mouse:  Left button up, pos=(666,686)
317.3144 	DATA 	Mouse: Left button down, pos=(542,649)
317.4165 	DATA 	Mouse:  Left button up, pos=(542,649)
318.0240 	DATA 	Keypress: space
318.0283 	EXP 	Device response: <KeyPress from None: t=280.45635759999277, value=right, duration=None>
318.0284 	EXP 	Device response: <KeyPress from None: t=280.45635759999277, value=right, duration=0.13302179996389896>
318.0285 	EXP 	Device response: <KeyPress from None: t=280.9170527999522, value=backspace, duration=None>
318.0285 	EXP 	Device response: <KeyPress from None: t=280.9170527999522, value=backspace, duration=0.0793405000003986>
318.0286 	EXP 	Device response: <KeyPress from None: t=281.06823059997987, value=backspace, duration=None>
318.0286 	EXP 	Device response: <KeyPress from None: t=281.06823059997987, value=backspace, duration=0.08804080000845715>
318.0287 	EXP 	Device response: <KeyPress from None: t=281.2220168999629, value=1, duration=None>
318.0287 	EXP 	Device response: <KeyPress from None: t=281.2220168999629, value=1, duration=0.10553659999277443>
318.0288 	EXP 	Device response: <KeyPress from None: t=281.6061043999507, value=lctrl, duration=None>
318.0288 	EXP 	Device response: <KeyPress from None: t=281.72568059997866, value=s, duration=None>
318.0289 	EXP 	Device response: <KeyPress from None: t=281.72568059997866, value=s, duration=0.14069079997716472>
318.0289 	EXP 	Device response: <KeyPress from None: t=281.6061043999507, value=lctrl, duration=0.30029310000827536>
318.0290 	EXP 	Device response: <KeyPress from None: t=313.50656299997354, value=space, duration=None>
318.0290 	EXP 	Device response: <KeyPress from None: t=313.50656299997354, value=space, duration=0.07756870001321658>
318.0290 	EXP 	Device response: <KeyPress from None: t=317.941101000004, value=space, duration=None>
318.0327 	EXP 	unnamed ShapeStim: borderColor = 'white'
318.0507 	EXP 	Device response: <KeyPress from None: t=317.941101000004, value=space, duration=0.10504029999719933>
318.9846 	EXP 	unnamed ShapeStim: borderColor = 'red'
322.0205 	DATA 	Mouse: Left button down, pos=(953,103)
322.4840 	EXP 	unnamed ShapeStim: borderColor = 'white'
325.0840 	EXP 	unnamed ShapeStim: borderColor = 'red'
328.6170 	EXP 	unnamed ShapeStim: borderColor = 'white'
328.6170 	EXP 	unnamed ShapeStim: borderColor = 'red'
331.5507 	EXP 	unnamed Rect: fillColor = 'red'
332.5671 	EXP 	unnamed Rect: fillColor = 'aqua'
332.5671 	EXP 	unnamed Rect: fillColor = 'yellow'
332.5671 	EXP 	unnamed Rect: fillColor = 'fuchsia'
332.5671 	EXP 	unnamed ShapeStim: borderColor = 'white'
333.6840 	EXP 	unnamed ShapeStim: borderColor = 'red'
337.2171 	EXP 	unnamed ShapeStim: borderColor = 'white'
338.2509 	EXP 	unnamed ShapeStim: borderColor = 'red'
341.6171 	EXP 	unnamed ShapeStim: borderColor = 'white'
342.3006 	EXP 	unnamed ShapeStim: borderColor = 'red'
345.8340 	EXP 	unnamed ShapeStim: borderColor = 'white'
345.8340 	EXP 	unnamed ShapeStim: borderColor = 'red'
349.1338 	EXP 	unnamed ShapeStim: borderColor = 'white'
349.9005 	EXP 	unnamed ShapeStim: borderColor = 'red'
352.7341 	EXP 	unnamed Rect: fillColor = 'red'
353.7505 	EXP 	unnamed Rect: fillColor = 'aqua'
353.7505 	EXP 	unnamed Rect: fillColor = 'yellow'
353.7505 	EXP 	unnamed Rect: fillColor = 'fuchsia'
353.7505 	EXP 	unnamed ShapeStim: borderColor = 'white'
354.5171 	EXP 	unnamed ShapeStim: borderColor = 'red'
357.7838 	EXP 	unnamed ShapeStim: borderColor = 'white'
358.3337 	EXP 	unnamed ShapeStim: borderColor = 'red'
361.4505 	EXP 	unnamed Rect: fillColor = 'red'
362.4668 	EXP 	unnamed Rect: fillColor = 'aqua'
362.4668 	EXP 	unnamed Rect: fillColor = 'yellow'
362.4668 	EXP 	unnamed Rect: fillColor = 'fuchsia'
362.4668 	EXP 	unnamed ShapeStim: borderColor = 'white'
363.5338 	EXP 	unnamed ShapeStim: borderColor = 'red'
366.4171 	EXP 	unnamed Rect: fillColor = 'red'
367.4342 	EXP 	unnamed Rect: fillColor = 'aqua'
367.4342 	EXP 	unnamed Rect: fillColor = 'yellow'
367.4342 	EXP 	unnamed Rect: fillColor = 'fuchsia'
367.4342 	EXP 	unnamed ShapeStim: borderColor = 'white'
368.3172 	EXP 	unnamed ShapeStim: borderColor = 'red'
371.8337 	EXP 	unnamed ShapeStim: borderColor = 'white'
371.8337 	EXP 	unnamed ShapeStim: borderColor = 'red'
375.3671 	EXP 	unnamed ShapeStim: borderColor = 'white'
375.8337 	EXP 	unnamed ShapeStim: borderColor = 'red'
379.3503 	EXP 	unnamed ShapeStim: borderColor = 'white'
379.3503 	EXP 	unnamed ShapeStim: borderColor = 'red'
382.2172 	EXP 	unnamed Rect: fillColor = 'red'
383.2334 	EXP 	unnamed Rect: fillColor = 'aqua'
383.2334 	EXP 	unnamed Rect: fillColor = 'yellow'
383.2334 	EXP 	unnamed Rect: fillColor = 'fuchsia'
383.2334 	EXP 	unnamed ShapeStim: borderColor = 'white'
384.0337 	EXP 	unnamed ShapeStim: borderColor = 'red'
387.5668 	EXP 	unnamed ShapeStim: borderColor = 'white'
388.9001 	EXP 	unnamed ShapeStim: borderColor = 'red'
394.2017 	DATA 	Mouse:  Left button up, pos=(1012,143)
394.5516 	DATA 	Mouse: Left button down, pos=(999,142)
395.0215 	DATA 	Mouse:  Left button up, pos=(1020,132)
395.1702 	DATA 	Mouse: Left button down, pos=(1042,150)
395.1728 	DATA 	Mouse:  Left button up, pos=(1042,150)
395.8202 	DATA 	Mouse: Left button down, pos=(1008,149)
396.8671 	EXP 	unnamed Rect: fillColor = 'red'
397.8833 	EXP 	unnamed Rect: fillColor = 'aqua'
397.8833 	EXP 	unnamed Rect: fillColor = 'yellow'
397.8833 	EXP 	unnamed Rect: fillColor = 'fuchsia'
397.8833 	EXP 	unnamed ShapeStim: borderColor = 'white'
398.4169 	EXP 	unnamed ShapeStim: borderColor = 'red'
401.9837 	EXP 	unnamed ShapeStim: borderColor = 'white'
402.5670 	EXP 	unnamed ShapeStim: borderColor = 'red'
406.1003 	EXP 	unnamed ShapeStim: borderColor = 'white'
406.7668 	EXP 	unnamed ShapeStim: borderColor = 'red'
410.0001 	EXP 	unnamed ShapeStim: borderColor = 'white'
410.5500 	EXP 	unnamed ShapeStim: borderColor = 'red'
414.0837 	EXP 	unnamed ShapeStim: borderColor = 'white'
414.0837 	EXP 	unnamed ShapeStim: borderColor = 'red'
417.6171 	EXP 	unnamed ShapeStim: borderColor = 'white'
417.6171 	EXP 	unnamed ShapeStim: borderColor = 'red'
420.3337 	EXP 	unnamed Rect: fillColor = 'red'
421.3501 	EXP 	unnamed Rect: fillColor = 'aqua'
421.3501 	EXP 	unnamed Rect: fillColor = 'yellow'
421.3501 	EXP 	unnamed Rect: fillColor = 'fuchsia'
421.3501 	EXP 	unnamed ShapeStim: borderColor = 'white'
422.2506 	EXP 	unnamed ShapeStim: borderColor = 'red'
424.6000 	EXP 	unnamed Rect: fillColor = 'red'
425.6166 	EXP 	unnamed Rect: fillColor = 'aqua'
425.6166 	EXP 	unnamed Rect: fillColor = 'yellow'
425.6166 	EXP 	unnamed Rect: fillColor = 'fuchsia'
425.6166 	EXP 	unnamed ShapeStim: borderColor = 'white'
426.2834 	EXP 	unnamed ShapeStim: borderColor = 'red'
429.5001 	EXP 	unnamed Rect: fillColor = 'red'
430.5164 	EXP 	unnamed Rect: fillColor = 'aqua'
430.5164 	EXP 	unnamed Rect: fillColor = 'yellow'
430.5164 	EXP 	unnamed Rect: fillColor = 'fuchsia'
430.5164 	EXP 	unnamed ShapeStim: borderColor = 'white'
431.2835 	EXP 	unnamed ShapeStim: borderColor = 'red'
433.8002 	EXP 	unnamed Rect: fillColor = 'red'
434.8166 	EXP 	unnamed Rect: fillColor = 'aqua'
434.8166 	EXP 	unnamed Rect: fillColor = 'yellow'
434.8166 	EXP 	unnamed Rect: fillColor = 'fuchsia'
434.8166 	EXP 	unnamed ShapeStim: borderColor = 'white'
435.7168 	EXP 	unnamed ShapeStim: borderColor = 'red'
438.6337 	EXP 	unnamed Rect: fillColor = 'red'
439.6501 	EXP 	unnamed Rect: fillColor = 'aqua'
439.6501 	EXP 	unnamed Rect: fillColor = 'yellow'
439.6501 	EXP 	unnamed Rect: fillColor = 'fuchsia'
439.6501 	EXP 	unnamed ShapeStim: borderColor = 'white'
440.3502 	EXP 	unnamed ShapeStim: borderColor = 'red'
443.8664 	EXP 	unnamed ShapeStim: borderColor = 'white'
443.8664 	EXP 	unnamed ShapeStim: borderColor = 'red'
446.3501 	EXP 	unnamed Rect: fillColor = 'red'
447.3666 	EXP 	unnamed Rect: fillColor = 'aqua'
447.3666 	EXP 	unnamed Rect: fillColor = 'yellow'
447.3666 	EXP 	unnamed Rect: fillColor = 'fuchsia'
447.3666 	EXP 	unnamed ShapeStim: borderColor = 'white'
448.1168 	EXP 	unnamed ShapeStim: borderColor = 'red'
450.2005 	EXP 	unnamed Rect: fillColor = 'red'
451.2165 	EXP 	unnamed Rect: fillColor = 'aqua'
451.2165 	EXP 	unnamed Rect: fillColor = 'yellow'
451.2165 	EXP 	unnamed Rect: fillColor = 'fuchsia'
451.2165 	EXP 	unnamed ShapeStim: borderColor = 'white'
452.0003 	EXP 	unnamed ShapeStim: borderColor = 'red'
455.5331 	EXP 	unnamed ShapeStim: borderColor = 'white'
455.8834 	EXP 	unnamed ShapeStim: borderColor = 'red'
459.0331 	EXP 	unnamed ShapeStim: borderColor = 'white'
460.1166 	EXP 	unnamed ShapeStim: borderColor = 'red'
462.7664 	EXP 	unnamed Rect: fillColor = 'red'
463.7848 	EXP 	unnamed Rect: fillColor = 'aqua'
463.7848 	EXP 	unnamed Rect: fillColor = 'yellow'
463.7848 	EXP 	unnamed Rect: fillColor = 'fuchsia'
463.7848 	EXP 	unnamed ShapeStim: borderColor = 'white'
464.7333 	EXP 	unnamed ShapeStim: borderColor = 'red'
468.2665 	EXP 	unnamed ShapeStim: borderColor = 'white'
468.6167 	EXP 	unnamed ShapeStim: borderColor = 'red'
471.2167 	EXP 	unnamed Rect: fillColor = 'red'
472.2336 	EXP 	unnamed Rect: fillColor = 'aqua'
472.2336 	EXP 	unnamed Rect: fillColor = 'yellow'
472.2336 	EXP 	unnamed Rect: fillColor = 'fuchsia'
472.2336 	EXP 	unnamed ShapeStim: borderColor = 'white'
472.9165 	EXP 	unnamed ShapeStim: borderColor = 'red'
476.4498 	EXP 	unnamed ShapeStim: borderColor = 'white'
476.9001 	EXP 	unnamed ShapeStim: borderColor = 'red'
480.0331 	EXP 	unnamed ShapeStim: borderColor = 'white'
481.0667 	EXP 	unnamed ShapeStim: borderColor = 'red'
485.4832 	EXP 	unnamed Rect: fillColor = 'red'
486.5003 	EXP 	unnamed Rect: fillColor = 'aqua'
486.5003 	EXP 	unnamed Rect: fillColor = 'yellow'
486.5003 	EXP 	unnamed Rect: fillColor = 'fuchsia'
486.5003 	EXP 	unnamed ShapeStim: borderColor = 'white'
487.2830 	EXP 	unnamed ShapeStim: borderColor = 'red'
491.1664 	EXP 	unnamed ShapeStim: borderColor = 'white'
492.2667 	EXP 	unnamed ShapeStim: borderColor = 'red'
495.7833 	EXP 	unnamed ShapeStim: borderColor = 'white'
496.2503 	EXP 	unnamed ShapeStim: borderColor = 'red'
499.0829 	EXP 	unnamed ShapeStim: borderColor = 'white'
500.3000 	EXP 	unnamed ShapeStim: borderColor = 'red'
500.8849 	DATA 	Mouse:  Left button up, pos=(946,138)
501.0842 	DATA 	Mouse: Left button down, pos=(956,152)
502.8527 	DATA 	Mouse:  Left button up, pos=(970,135)
503.1679 	DATA 	Mouse: Left button down, pos=(986,146)
504.3534 	DATA 	Mouse:  Left button up, pos=(976,164)
506.4354 	DATA 	Mouse: Left button down, pos=(979,137)
507.7500 	EXP 	unnamed Rect: fillColor = 'red'
508.7663 	EXP 	unnamed Rect: fillColor = 'aqua'
508.7663 	EXP 	unnamed Rect: fillColor = 'yellow'
508.7663 	EXP 	unnamed Rect: fillColor = 'fuchsia'
508.7663 	EXP 	unnamed ShapeStim: borderColor = 'white'
509.4664 	EXP 	unnamed ShapeStim: borderColor = 'red'
512.9998 	EXP 	unnamed ShapeStim: borderColor = 'white'
512.9998 	EXP 	unnamed ShapeStim: borderColor = 'red'
516.2995 	EXP 	unnamed ShapeStim: borderColor = 'white'
517.2499 	EXP 	unnamed ShapeStim: borderColor = 'red'
520.2334 	EXP 	unnamed Rect: fillColor = 'red'
521.2498 	EXP 	unnamed Rect: fillColor = 'aqua'
521.2498 	EXP 	unnamed Rect: fillColor = 'yellow'
521.2498 	EXP 	unnamed Rect: fillColor = 'fuchsia'
522.5636 	DATA 	Mouse:  Left button up, pos=(1016,229)
636.5732 	DATA 	Mouse: Left button down, pos=(273,693)
636.6771 	DATA 	Mouse:  Left button up, pos=(273,693)
637.0840 	DATA 	Mouse: Left button down, pos=(273,693)
637.2860 	DATA 	Mouse:  Left button up, pos=(273,693)
637.5889 	DATA 	Keypress: space
637.5937 	EXP 	Device response: <KeyPress from None: t=631.841855000006, value=space, duration=None>
637.5937 	EXP 	Device response: <KeyPress from None: t=631.841855000006, value=space, duration=0.06409020000137389>
637.5938 	EXP 	Device response: <KeyPress from None: t=635.9826141999802, value=space, duration=None>
637.5938 	EXP 	Device response: <KeyPress from None: t=635.9826141999802, value=space, duration=0.09659710002597421>
637.5939 	EXP 	Device response: <KeyPress from None: t=637.5062743999879, value=space, duration=None>
637.5981 	EXP 	unnamed ShapeStim: borderColor = 'white'
637.5985 	EXP 	Device response: <KeyPress from None: t=637.5062743999879, value=space, duration=0.08813479996751994>
638.2997 	EXP 	unnamed ShapeStim: borderColor = 'red'
638.5709 	DATA 	Mouse: Left button down, pos=(967,113)
638.5717 	DATA 	Mouse:  Left button up, pos=(967,113)
638.7011 	DATA 	Mouse: Left button down, pos=(967,113)
641.2160 	EXP 	unnamed Rect: fillColor = 'red'
642.2324 	EXP 	unnamed Rect: fillColor = 'aqua'
642.2324 	EXP 	unnamed Rect: fillColor = 'yellow'
642.2324 	EXP 	unnamed Rect: fillColor = 'fuchsia'
642.2324 	EXP 	unnamed ShapeStim: borderColor = 'white'
643.1161 	EXP 	unnamed ShapeStim: borderColor = 'red'
646.6323 	EXP 	unnamed ShapeStim: borderColor = 'white'
646.6323 	EXP 	unnamed ShapeStim: borderColor = 'red'
649.3660 	EXP 	unnamed Rect: fillColor = 'red'
650.3821 	EXP 	unnamed Rect: fillColor = 'aqua'
650.3821 	EXP 	unnamed Rect: fillColor = 'yellow'
650.3821 	EXP 	unnamed Rect: fillColor = 'fuchsia'
650.3821 	EXP 	unnamed ShapeStim: borderColor = 'white'
651.4492 	EXP 	unnamed ShapeStim: borderColor = 'red'
654.9657 	EXP 	unnamed ShapeStim: borderColor = 'white'
654.9657 	EXP 	unnamed ShapeStim: borderColor = 'red'
657.5656 	EXP 	unnamed Rect: fillColor = 'red'
658.5823 	EXP 	unnamed Rect: fillColor = 'aqua'
658.5823 	EXP 	unnamed Rect: fillColor = 'yellow'
658.5823 	EXP 	unnamed Rect: fillColor = 'fuchsia'
658.5823 	EXP 	unnamed ShapeStim: borderColor = 'white'
658.9824 	EXP 	unnamed ShapeStim: borderColor = 'red'
662.3157 	EXP 	unnamed ShapeStim: borderColor = 'white'
663.4324 	EXP 	unnamed ShapeStim: borderColor = 'red'
666.5990 	EXP 	unnamed Rect: fillColor = 'red'
667.6155 	EXP 	unnamed Rect: fillColor = 'aqua'
667.6155 	EXP 	unnamed Rect: fillColor = 'yellow'
667.6155 	EXP 	unnamed Rect: fillColor = 'fuchsia'
667.6155 	EXP 	unnamed ShapeStim: borderColor = 'white'
668.6158 	EXP 	unnamed ShapeStim: borderColor = 'red'
672.0822 	EXP 	unnamed Rect: fillColor = 'red'
673.0992 	EXP 	unnamed Rect: fillColor = 'aqua'
673.0992 	EXP 	unnamed Rect: fillColor = 'yellow'
673.0992 	EXP 	unnamed Rect: fillColor = 'fuchsia'
673.0992 	EXP 	unnamed ShapeStim: borderColor = 'white'
674.2160 	EXP 	unnamed ShapeStim: borderColor = 'red'
676.9823 	EXP 	unnamed Rect: fillColor = 'red'
677.9986 	EXP 	unnamed Rect: fillColor = 'aqua'
677.9986 	EXP 	unnamed Rect: fillColor = 'yellow'
677.9986 	EXP 	unnamed Rect: fillColor = 'fuchsia'
677.9986 	EXP 	unnamed ShapeStim: borderColor = 'white'
678.8322 	EXP 	unnamed ShapeStim: borderColor = 'red'
682.7989 	EXP 	unnamed ShapeStim: borderColor = 'white'
683.6492 	EXP 	unnamed ShapeStim: borderColor = 'red'
687.1656 	EXP 	unnamed ShapeStim: borderColor = 'white'
687.6493 	EXP 	unnamed ShapeStim: borderColor = 'red'
689.8160 	EXP 	unnamed Rect: fillColor = 'red'
690.8319 	EXP 	unnamed Rect: fillColor = 'aqua'
690.8319 	EXP 	unnamed Rect: fillColor = 'yellow'
690.8319 	EXP 	unnamed Rect: fillColor = 'fuchsia'
690.8319 	EXP 	unnamed ShapeStim: borderColor = 'white'
691.4990 	EXP 	unnamed ShapeStim: borderColor = 'red'
694.6653 	EXP 	unnamed ShapeStim: borderColor = 'white'
695.7321 	EXP 	unnamed ShapeStim: borderColor = 'red'
699.5319 	EXP 	unnamed ShapeStim: borderColor = 'white'
700.0156 	EXP 	unnamed ShapeStim: borderColor = 'red'
704.2652 	EXP 	unnamed ShapeStim: borderColor = 'white'
705.1322 	EXP 	unnamed ShapeStim: borderColor = 'red'
707.5654 	EXP 	unnamed Rect: fillColor = 'red'
708.5825 	EXP 	unnamed Rect: fillColor = 'aqua'
708.5825 	EXP 	unnamed Rect: fillColor = 'yellow'
708.5825 	EXP 	unnamed Rect: fillColor = 'fuchsia'
708.5825 	EXP 	unnamed ShapeStim: borderColor = 'white'
709.3156 	EXP 	unnamed ShapeStim: borderColor = 'red'
712.8323 	EXP 	unnamed ShapeStim: borderColor = 'white'
712.8323 	EXP 	unnamed ShapeStim: borderColor = 'red'
715.2154 	EXP 	unnamed Rect: fillColor = 'red'
716.2319 	EXP 	unnamed Rect: fillColor = 'aqua'
716.2319 	EXP 	unnamed Rect: fillColor = 'yellow'
716.2319 	EXP 	unnamed Rect: fillColor = 'fuchsia'
716.2319 	EXP 	unnamed ShapeStim: borderColor = 'white'
717.0489 	EXP 	unnamed ShapeStim: borderColor = 'red'
720.5818 	EXP 	unnamed ShapeStim: borderColor = 'white'
720.5818 	EXP 	unnamed ShapeStim: borderColor = 'red'
721.8020 	DATA 	Mouse:  Left button up, pos=(912,0)
722.3832 	DATA 	Mouse: Left button down, pos=(966,35)
722.8043 	DATA 	Mouse:  Left button up, pos=(962,70)
722.8154 	EXP 	unnamed ShapeStim: borderColor = 'white'
722.8154 	EXP 	unnamed ShapeStim: borderColor = 'red'
724.1183 	DATA 	Mouse: Left button down, pos=(963,103)
726.1656 	EXP 	unnamed Rect: fillColor = 'red'
727.1819 	EXP 	unnamed Rect: fillColor = 'aqua'
727.1819 	EXP 	unnamed Rect: fillColor = 'yellow'
727.1819 	EXP 	unnamed Rect: fillColor = 'fuchsia'
727.1819 	EXP 	unnamed ShapeStim: borderColor = 'white'
728.0153 	EXP 	unnamed ShapeStim: borderColor = 'red'
730.8489 	EXP 	unnamed Rect: fillColor = 'red'
731.8650 	EXP 	unnamed Rect: fillColor = 'aqua'
731.8650 	EXP 	unnamed Rect: fillColor = 'yellow'
731.8650 	EXP 	unnamed Rect: fillColor = 'fuchsia'
731.8650 	EXP 	unnamed ShapeStim: borderColor = 'white'
732.7151 	EXP 	unnamed ShapeStim: borderColor = 'red'
736.1319 	EXP 	unnamed Rect: fillColor = 'red'
737.1485 	EXP 	unnamed Rect: fillColor = 'aqua'
737.1485 	EXP 	unnamed Rect: fillColor = 'yellow'
737.1485 	EXP 	unnamed Rect: fillColor = 'fuchsia'
737.1485 	EXP 	unnamed ShapeStim: borderColor = 'white'
738.1486 	EXP 	unnamed ShapeStim: borderColor = 'red'
741.1321 	EXP 	unnamed Rect: fillColor = 'red'
742.1486 	EXP 	unnamed Rect: fillColor = 'aqua'
742.1486 	EXP 	unnamed Rect: fillColor = 'yellow'
742.1486 	EXP 	unnamed Rect: fillColor = 'fuchsia'
742.1486 	EXP 	unnamed ShapeStim: borderColor = 'white'
742.9655 	EXP 	unnamed ShapeStim: borderColor = 'red'
746.3324 	EXP 	unnamed Rect: fillColor = 'red'
747.3489 	EXP 	unnamed Rect: fillColor = 'aqua'
747.3489 	EXP 	unnamed Rect: fillColor = 'yellow'
747.3489 	EXP 	unnamed Rect: fillColor = 'fuchsia'
747.3489 	EXP 	unnamed ShapeStim: borderColor = 'white'
748.1484 	EXP 	unnamed ShapeStim: borderColor = 'red'
751.6653 	EXP 	unnamed ShapeStim: borderColor = 'white'
753.8654 	EXP 	unnamed ShapeStim: borderColor = 'red'
757.0156 	EXP 	unnamed Rect: fillColor = 'red'
758.0323 	EXP 	unnamed Rect: fillColor = 'aqua'
758.0323 	EXP 	unnamed Rect: fillColor = 'yellow'
758.0323 	EXP 	unnamed Rect: fillColor = 'fuchsia'
758.0323 	EXP 	unnamed ShapeStim: borderColor = 'white'
758.7986 	EXP 	unnamed ShapeStim: borderColor = 'red'
762.3154 	EXP 	unnamed ShapeStim: borderColor = 'white'
763.3821 	EXP 	unnamed ShapeStim: borderColor = 'red'
766.8154 	EXP 	unnamed ShapeStim: borderColor = 'white'
767.2654 	EXP 	unnamed ShapeStim: borderColor = 'red'
770.7988 	EXP 	unnamed ShapeStim: borderColor = 'white'
771.2485 	EXP 	unnamed ShapeStim: borderColor = 'red'
774.7650 	EXP 	unnamed ShapeStim: borderColor = 'white'
774.7650 	EXP 	unnamed ShapeStim: borderColor = 'red'
777.7485 	EXP 	unnamed Rect: fillColor = 'red'
778.7664 	EXP 	unnamed Rect: fillColor = 'aqua'
778.7664 	EXP 	unnamed Rect: fillColor = 'yellow'
778.7664 	EXP 	unnamed Rect: fillColor = 'fuchsia'
778.7664 	EXP 	unnamed ShapeStim: borderColor = 'white'
779.6651 	EXP 	unnamed ShapeStim: borderColor = 'red'
783.0818 	EXP 	unnamed ShapeStim: borderColor = 'white'
783.7985 	EXP 	unnamed ShapeStim: borderColor = 'red'
787.7814 	EXP 	unnamed ShapeStim: borderColor = 'white'
788.1817 	EXP 	unnamed ShapeStim: borderColor = 'red'
791.7649 	EXP 	unnamed ShapeStim: borderColor = 'white'
792.3486 	EXP 	unnamed ShapeStim: borderColor = 'red'
795.7150 	EXP 	unnamed ShapeStim: borderColor = 'white'
796.1320 	EXP 	unnamed ShapeStim: borderColor = 'red'
800.2153 	EXP 	unnamed Rect: fillColor = 'red'
801.2319 	EXP 	unnamed Rect: fillColor = 'aqua'
801.2319 	EXP 	unnamed Rect: fillColor = 'yellow'
801.2319 	EXP 	unnamed Rect: fillColor = 'fuchsia'
801.2319 	EXP 	unnamed ShapeStim: borderColor = 'white'
802.2655 	EXP 	unnamed ShapeStim: borderColor = 'red'
804.6368 	DATA 	Mouse:  Left button up, pos=(937,101)
805.6543 	DATA 	Mouse: Left button down, pos=(965,92)
805.6548 	DATA 	Mouse:  Left button up, pos=(965,92)
805.8001 	DATA 	Mouse: Left button down, pos=(965,92)
808.0319 	EXP 	unnamed Rect: fillColor = 'red'
809.0481 	EXP 	unnamed Rect: fillColor = 'aqua'
809.0481 	EXP 	unnamed Rect: fillColor = 'yellow'
809.0481 	EXP 	unnamed Rect: fillColor = 'fuchsia'
809.0481 	EXP 	unnamed ShapeStim: borderColor = 'white'
809.9150 	EXP 	unnamed ShapeStim: borderColor = 'red'
812.8816 	EXP 	unnamed Rect: fillColor = 'red'
813.8980 	EXP 	unnamed Rect: fillColor = 'aqua'
813.8980 	EXP 	unnamed Rect: fillColor = 'yellow'
813.8980 	EXP 	unnamed Rect: fillColor = 'fuchsia'
813.8980 	EXP 	unnamed ShapeStim: borderColor = 'white'
814.7148 	EXP 	unnamed ShapeStim: borderColor = 'red'
817.5316 	EXP 	unnamed Rect: fillColor = 'red'
818.5481 	EXP 	unnamed Rect: fillColor = 'aqua'
818.5481 	EXP 	unnamed Rect: fillColor = 'yellow'
818.5481 	EXP 	unnamed Rect: fillColor = 'fuchsia'
818.5481 	EXP 	unnamed ShapeStim: borderColor = 'white'
819.3483 	EXP 	unnamed ShapeStim: borderColor = 'red'
822.3314 	EXP 	unnamed Rect: fillColor = 'red'
823.3480 	EXP 	unnamed Rect: fillColor = 'aqua'
823.3480 	EXP 	unnamed Rect: fillColor = 'yellow'
823.3480 	EXP 	unnamed Rect: fillColor = 'fuchsia'
823.3480 	EXP 	unnamed ShapeStim: borderColor = 'white'
824.1484 	EXP 	unnamed ShapeStim: borderColor = 'red'
827.2650 	EXP 	unnamed Rect: fillColor = 'red'
828.2814 	EXP 	unnamed Rect: fillColor = 'aqua'
828.2814 	EXP 	unnamed Rect: fillColor = 'yellow'
828.2814 	EXP 	unnamed Rect: fillColor = 'fuchsia'
828.2814 	EXP 	unnamed ShapeStim: borderColor = 'white'
829.1483 	EXP 	unnamed ShapeStim: borderColor = 'red'
832.3147 	EXP 	unnamed Rect: fillColor = 'red'
833.3148 	EXP 	unnamed Rect: fillColor = 'aqua'
833.3148 	EXP 	unnamed Rect: fillColor = 'yellow'
833.3148 	EXP 	unnamed Rect: fillColor = 'fuchsia'
833.3148 	EXP 	unnamed ShapeStim: borderColor = 'white'
834.1317 	EXP 	unnamed ShapeStim: borderColor = 'red'
837.6478 	EXP 	unnamed ShapeStim: borderColor = 'white'
837.6478 	EXP 	unnamed ShapeStim: borderColor = 'red'
840.4480 	EXP 	unnamed Rect: fillColor = 'red'
841.4646 	EXP 	unnamed Rect: fillColor = 'aqua'
841.4646 	EXP 	unnamed Rect: fillColor = 'yellow'
841.4646 	EXP 	unnamed Rect: fillColor = 'fuchsia'
842.4758 	DATA 	Mouse:  Left button up, pos=(299,254)
869.1327 	DATA 	Keypress: space
869.1354 	EXP 	Device response: <KeyPress from None: t=869.0699464000063, value=space, duration=None>
869.1384 	EXP 	unnamed ShapeStim: borderColor = 'white'
869.1817 	EXP 	Device response: <KeyPress from None: t=869.0699464000063, value=space, duration=0.10520179994637147>
870.6314 	EXP 	unnamed ShapeStim: borderColor = 'red'
873.5513 	DATA 	Mouse: Left button down, pos=(953,105)
874.1481 	EXP 	unnamed Rect: fillColor = 'red'
875.1642 	EXP 	unnamed Rect: fillColor = 'aqua'
875.1642 	EXP 	unnamed Rect: fillColor = 'yellow'
875.1642 	EXP 	unnamed Rect: fillColor = 'fuchsia'
875.1642 	EXP 	unnamed ShapeStim: borderColor = 'white'
876.0314 	EXP 	unnamed ShapeStim: borderColor = 'red'
879.5482 	EXP 	unnamed ShapeStim: borderColor = 'white'
879.5482 	EXP 	unnamed ShapeStim: borderColor = 'red'
882.5645 	EXP 	unnamed Rect: fillColor = 'red'
883.5812 	EXP 	unnamed Rect: fillColor = 'aqua'
883.5812 	EXP 	unnamed Rect: fillColor = 'yellow'
883.5812 	EXP 	unnamed Rect: fillColor = 'fuchsia'
883.5812 	EXP 	unnamed ShapeStim: borderColor = 'white'
884.5813 	EXP 	unnamed ShapeStim: borderColor = 'red'
888.1156 	EXP 	unnamed ShapeStim: borderColor = 'white'
888.1156 	EXP 	unnamed ShapeStim: borderColor = 'red'
891.2314 	EXP 	unnamed Rect: fillColor = 'red'
892.2479 	EXP 	unnamed Rect: fillColor = 'aqua'
892.2479 	EXP 	unnamed Rect: fillColor = 'yellow'
892.2479 	EXP 	unnamed Rect: fillColor = 'fuchsia'
892.2479 	EXP 	unnamed ShapeStim: borderColor = 'white'
893.0643 	EXP 	unnamed ShapeStim: borderColor = 'red'
902.0478 	EXP 	unnamed ShapeStim: borderColor = 'white'
903.1647 	EXP 	unnamed ShapeStim: borderColor = 'red'
906.2315 	EXP 	unnamed Rect: fillColor = 'red'
907.2476 	EXP 	unnamed Rect: fillColor = 'aqua'
907.2476 	EXP 	unnamed Rect: fillColor = 'yellow'
907.2476 	EXP 	unnamed Rect: fillColor = 'fuchsia'
907.2476 	EXP 	unnamed ShapeStim: borderColor = 'white'
908.0812 	EXP 	unnamed ShapeStim: borderColor = 'red'
912.1977 	EXP 	unnamed ShapeStim: borderColor = 'white'
913.0144 	EXP 	unnamed ShapeStim: borderColor = 'red'
916.0313 	EXP 	unnamed Rect: fillColor = 'red'
917.0475 	EXP 	unnamed Rect: fillColor = 'aqua'
917.0475 	EXP 	unnamed Rect: fillColor = 'yellow'
917.0475 	EXP 	unnamed Rect: fillColor = 'fuchsia'
917.0475 	EXP 	unnamed ShapeStim: borderColor = 'white'
917.8145 	EXP 	unnamed ShapeStim: borderColor = 'red'
921.6646 	EXP 	unnamed ShapeStim: borderColor = 'white'
922.3146 	EXP 	unnamed ShapeStim: borderColor = 'red'
925.8643 	EXP 	unnamed ShapeStim: borderColor = 'white'
926.5646 	EXP 	unnamed ShapeStim: borderColor = 'red'
930.0808 	EXP 	unnamed ShapeStim: borderColor = 'white'
930.0808 	EXP 	unnamed ShapeStim: borderColor = 'red'
932.7811 	EXP 	unnamed Rect: fillColor = 'red'
933.7978 	EXP 	unnamed Rect: fillColor = 'aqua'
933.7978 	EXP 	unnamed Rect: fillColor = 'yellow'
933.7978 	EXP 	unnamed Rect: fillColor = 'fuchsia'
933.7978 	EXP 	unnamed ShapeStim: borderColor = 'white'
934.6145 	EXP 	unnamed ShapeStim: borderColor = 'red'
937.5482 	EXP 	unnamed Rect: fillColor = 'red'
938.5640 	EXP 	unnamed Rect: fillColor = 'aqua'
938.5640 	EXP 	unnamed Rect: fillColor = 'yellow'
938.5640 	EXP 	unnamed Rect: fillColor = 'fuchsia'
938.5640 	EXP 	unnamed ShapeStim: borderColor = 'white'
939.2644 	EXP 	unnamed ShapeStim: borderColor = 'red'
942.7808 	EXP 	unnamed ShapeStim: borderColor = 'white'
942.7808 	EXP 	unnamed ShapeStim: borderColor = 'red'
950.6973 	EXP 	unnamed ShapeStim: borderColor = 'white'
951.3809 	EXP 	unnamed ShapeStim: borderColor = 'red'
954.2476 	EXP 	unnamed Rect: fillColor = 'red'
955.2639 	EXP 	unnamed Rect: fillColor = 'aqua'
955.2639 	EXP 	unnamed Rect: fillColor = 'yellow'
955.2639 	EXP 	unnamed Rect: fillColor = 'fuchsia'
955.2639 	EXP 	unnamed ShapeStim: borderColor = 'white'
955.9315 	EXP 	unnamed ShapeStim: borderColor = 'red'
959.4644 	EXP 	unnamed ShapeStim: borderColor = 'white'
959.4644 	EXP 	unnamed ShapeStim: borderColor = 'red'
962.9974 	EXP 	unnamed ShapeStim: borderColor = 'white'
962.9974 	EXP 	unnamed ShapeStim: borderColor = 'red'
965.5811 	EXP 	unnamed Rect: fillColor = 'red'
966.5975 	EXP 	unnamed Rect: fillColor = 'aqua'
966.5975 	EXP 	unnamed Rect: fillColor = 'yellow'
966.5975 	EXP 	unnamed Rect: fillColor = 'fuchsia'
966.5975 	EXP 	unnamed ShapeStim: borderColor = 'white'
967.5642 	EXP 	unnamed ShapeStim: borderColor = 'red'
971.3640 	EXP 	unnamed ShapeStim: borderColor = 'white'
972.1308 	EXP 	unnamed ShapeStim: borderColor = 'red'
975.7640 	EXP 	unnamed ShapeStim: borderColor = 'white'
976.6976 	EXP 	unnamed ShapeStim: borderColor = 'red'
980.2307 	EXP 	unnamed ShapeStim: borderColor = 'white'
980.2307 	EXP 	unnamed ShapeStim: borderColor = 'red'
983.3976 	EXP 	unnamed Rect: fillColor = 'red'
984.4139 	EXP 	unnamed Rect: fillColor = 'aqua'
984.4139 	EXP 	unnamed Rect: fillColor = 'yellow'
984.4139 	EXP 	unnamed Rect: fillColor = 'fuchsia'
984.4139 	EXP 	unnamed ShapeStim: borderColor = 'white'
985.0812 	EXP 	unnamed ShapeStim: borderColor = 'red'
988.5975 	EXP 	unnamed ShapeStim: borderColor = 'white'
988.5975 	EXP 	unnamed ShapeStim: borderColor = 'red'
990.7309 	EXP 	unnamed Rect: fillColor = 'red'
991.7473 	EXP 	unnamed Rect: fillColor = 'aqua'
991.7473 	EXP 	unnamed Rect: fillColor = 'yellow'
991.7473 	EXP 	unnamed Rect: fillColor = 'fuchsia'
991.7473 	EXP 	unnamed ShapeStim: borderColor = 'white'
992.6475 	EXP 	unnamed ShapeStim: borderColor = 'red'
995.3979 	EXP 	unnamed Rect: fillColor = 'red'
996.4139 	EXP 	unnamed Rect: fillColor = 'aqua'
996.4139 	EXP 	unnamed Rect: fillColor = 'yellow'
996.4139 	EXP 	unnamed Rect: fillColor = 'fuchsia'
996.4139 	EXP 	unnamed ShapeStim: borderColor = 'white'
997.2809 	EXP 	unnamed ShapeStim: borderColor = 'red'
1000.8139 	EXP 	unnamed ShapeStim: borderColor = 'white'
1001.2814 	EXP 	unnamed ShapeStim: borderColor = 'red'
1003.5474 	EXP 	unnamed Rect: fillColor = 'red'
1004.5649 	EXP 	unnamed Rect: fillColor = 'aqua'
1004.5649 	EXP 	unnamed Rect: fillColor = 'yellow'
1004.5649 	EXP 	unnamed Rect: fillColor = 'fuchsia'
1004.5649 	EXP 	unnamed ShapeStim: borderColor = 'white'
1005.5473 	EXP 	unnamed ShapeStim: borderColor = 'red'
1008.7142 	EXP 	unnamed ShapeStim: borderColor = 'white'
1009.4807 	EXP 	unnamed ShapeStim: borderColor = 'red'
1012.9974 	EXP 	unnamed ShapeStim: borderColor = 'white'
1012.9974 	EXP 	unnamed ShapeStim: borderColor = 'red'
1015.5812 	EXP 	unnamed Rect: fillColor = 'red'
1016.5973 	EXP 	unnamed Rect: fillColor = 'aqua'
1016.5973 	EXP 	unnamed Rect: fillColor = 'yellow'
1016.5973 	EXP 	unnamed Rect: fillColor = 'fuchsia'
1016.5973 	EXP 	unnamed ShapeStim: borderColor = 'white'
1017.3641 	EXP 	unnamed ShapeStim: borderColor = 'red'
1020.8804 	EXP 	unnamed ShapeStim: borderColor = 'white'
1020.8804 	EXP 	unnamed ShapeStim: borderColor = 'red'
1024.4137 	EXP 	unnamed ShapeStim: borderColor = 'white'
1024.4137 	EXP 	unnamed ShapeStim: borderColor = 'red'
1027.9470 	EXP 	unnamed ShapeStim: borderColor = 'white'
1027.9470 	EXP 	unnamed ShapeStim: borderColor = 'red'
1031.4640 	EXP 	unnamed ShapeStim: borderColor = 'white'
1031.8975 	EXP 	unnamed ShapeStim: borderColor = 'red'
1035.4305 	EXP 	unnamed ShapeStim: borderColor = 'white'
1035.4305 	EXP 	unnamed ShapeStim: borderColor = 'red'
1043.2139 	EXP 	unnamed Rect: fillColor = 'red'
1044.2304 	EXP 	unnamed Rect: fillColor = 'aqua'
1044.2304 	EXP 	unnamed Rect: fillColor = 'yellow'
1044.2304 	EXP 	unnamed Rect: fillColor = 'fuchsia'
1044.2304 	EXP 	unnamed ShapeStim: borderColor = 'white'
1045.1305 	EXP 	unnamed ShapeStim: borderColor = 'red'
1048.6637 	EXP 	unnamed ShapeStim: borderColor = 'white'
1049.4139 	EXP 	unnamed ShapeStim: borderColor = 'red'
1052.4472 	EXP 	unnamed ShapeStim: borderColor = 'white'
1053.2972 	EXP 	unnamed ShapeStim: borderColor = 'red'
1056.0309 	EXP 	unnamed Rect: fillColor = 'red'
1057.0473 	EXP 	unnamed Rect: fillColor = 'aqua'
1057.0473 	EXP 	unnamed Rect: fillColor = 'yellow'
1057.0473 	EXP 	unnamed Rect: fillColor = 'fuchsia'
1057.0473 	EXP 	unnamed ShapeStim: borderColor = 'white'
1057.9637 	EXP 	unnamed ShapeStim: borderColor = 'red'
1061.4804 	EXP 	unnamed ShapeStim: borderColor = 'white'
1061.9969 	EXP 	unnamed ShapeStim: borderColor = 'red'
1064.1472 	EXP 	unnamed Rect: fillColor = 'red'
1065.1639 	EXP 	unnamed Rect: fillColor = 'aqua'
1065.1639 	EXP 	unnamed Rect: fillColor = 'yellow'
1065.1639 	EXP 	unnamed Rect: fillColor = 'fuchsia'
1065.1639 	EXP 	unnamed ShapeStim: borderColor = 'white'
1065.8471 	EXP 	unnamed ShapeStim: borderColor = 'red'
1069.3802 	EXP 	unnamed ShapeStim: borderColor = 'white'
1069.3802 	EXP 	unnamed ShapeStim: borderColor = 'red'
1071.4307 	EXP 	unnamed Rect: fillColor = 'red'
1072.4314 	INFO 	Ending experiment normally.
1072.4378 	EXP 	Created unnamed TextStim = TextStim(__class__=<class 'psychopy.visual.text.TextStim'>, alignHoriz=method-wrapper(...), alignText='center', alignVert=method-wrapper(...), anchorHoriz='center', anchorVert='center', antialias=True, autoDraw=False, autoLog=True, bold=False, color=array([1., 1., 1.]), colorSpace='rgb', contrast=1.0, depth=0, draggable=False, flipHoriz=False, flipVert=False, font='', fontFiles=[], height=0.07, italic=False, languageStyle='LTR', name='unnamed TextStim', opacity=1.0, ori=0.0, pos=array([0., 0.]), rgb=UNKNOWN, text='Ende - Vielen Dank!', units='height', win=Window(...), wrapWidth=1)
1072.4472 	EXP 	unnamed Rect: fillColor = 'aqua'
1072.4472 	EXP 	unnamed Rect: fillColor = 'yellow'
1072.4472 	EXP 	unnamed Rect: fillColor = 'fuchsia'
1073.4522 	DATA 	Mouse:  Left button up, pos=(886,729)
