15.7495 	WARNING 	Monitor specification not found. Creating a temporary one...
16.2997 	DEBUG 	TextBox2 loaded 1 chars with 0 blanks and 1 valid
16.3011 	DEBUG 	TextBox2 loaded 1 chars with 0 blanks and 1 valid
16.3026 	DEBUG 	TextBox2 loaded 1 chars with 0 blanks and 1 valid
16.3041 	DEBUG 	TextBox2 loaded 1 chars with 0 blanks and 1 valid
16.3055 	DEBUG 	TextBox2 loaded 1 chars with 0 blanks and 1 valid
16.3062 	DEBUG 	TextBox2 loaded 1 chars with 0 blanks and 1 valid
16.3073 	DEBUG 	TextBox2 loaded 1 chars with 0 blanks and 1 valid
16.3244 	DEBUG 	TextBox2 loaded 1 chars with 0 blanks and 1 valid
16.3249 	DEBUG 	TextBox2 loaded 1 chars with 0 blanks and 1 valid
16.3254 	DEBUG 	TextBox2 loaded 1 chars with 0 blanks and 1 valid
16.3265 	DEBUG 	TextBox2 loaded 1 chars with 0 blanks and 1 valid
16.3275 	DEBUG 	TextBox2 loaded 1 chars with 0 blanks and 1 valid
16.3284 	DEBUG 	TextBox2 loaded 1 chars with 0 blanks and 1 valid
16.3302 	DEBUG 	TextBox2 loaded 1 chars with 0 blanks and 1 valid
16.3313 	DEBUG 	TextBox2 loaded 1 chars with 0 blanks and 1 valid
16.3326 	DEBUG 	TextBox2 loaded 1 chars with 0 blanks and 1 valid
16.3341 	DEBUG 	TextBox2 loaded 1 chars with 0 blanks and 1 valid
16.3347 	DEBUG 	TextBox2 loaded 1 chars with 0 blanks and 1 valid
16.3354 	DEBUG 	TextBox2 loaded 1 chars with 0 blanks and 1 valid
16.3368 	DEBUG 	TextBox2 loaded 1 chars with 0 blanks and 1 valid
16.3372 	DEBUG 	TextBox2 loaded 1 chars with 0 blanks and 1 valid
16.3375 	DEBUG 	Uploading Texture Font fontname to graphics card
16.3579 	DEBUG 	Upload of Texture Font fontname complete
16.3658 	DEBUG 	TextBox2 loaded 1 chars with 0 blanks and 1 valid
16.3674 	DEBUG 	TextBox2 loaded 1 chars with 0 blanks and 1 valid
16.3687 	DEBUG 	TextBox2 loaded 1 chars with 0 blanks and 1 valid
16.3689 	DEBUG 	Uploading Texture Font fontname to graphics card
16.3718 	DEBUG 	Upload of Texture Font fontname complete
16.7027 	EXP 	Created window1 = Window(allowGUI=False, allowStencil=False, autoLog=True, backendConf=UNKNOWN, backgroundFit=<method-wrapper '__getattribute__' of attributeSetter object at 0x0000014FC95E7590>, backgroundImage=<method-wrapper '__getattribute__' of attributeSetter object at 0x0000014FA78D78D0>, bitsMode=UNKNOWN, blendMode='avg', bpc=(8, 8, 8), color=array([-1, -1, -1]), colorSpace='rgb', depthBits=8, fullscr=True, gamma=None, gammaErrorPolicy='raise', infoMsg=UNKNOWN, lms=UNKNOWN, monitor=<psychopy.monitors.calibTools.Monitor object at 0x0000014FCB758610>, multiSample=False, name='window1', numSamples=2, pos=(1920, 0), screen=1, size=array([1920, 1080]), stencilBits=0, stereo=False, title='PsychoPy', units='height', useFBO=True, useRetina=False, viewOri=0.0, viewPos=None, viewScale=None, waitBlanking=True, winType='pyglet')
16.7027 	EXP 	window1: backgroundImage = None
16.7027 	EXP 	window1: backgroundFit = 'cover'
16.8993 	INFO 	keyboard.Keyboard is using ptb backend.
16.8994 	INFO 	Keyboard events cleared
16.9747 	EXP 	Created unnamed TextStim = TextStim(__class__=<class 'psychopy.visual.text.TextStim'>, alignHoriz=method-wrapper(...), alignText='center', alignVert=method-wrapper(...), anchorHoriz='center', anchorVert='center', antialias=True, autoDraw=False, autoLog=True, bold=False, color=array([1., 1., 1.]), colorSpace='rgb', contrast=1.0, depth=0, draggable=False, flipHoriz=False, flipVert=False, font='', fontFiles=[], height=0.03, italic=False, languageStyle='LTR', name='unnamed TextStim', opacity=1.0, ori=0.0, pos=array([ 0.  , -0.25]), rgb=UNKNOWN, text='Leertaste drücken um zu starten', units='height', win=Window(...), wrapWidth=1)
16.9791 	EXP 	Created unnamed TextStim = TextStim(__class__=<class 'psychopy.visual.text.TextStim'>, alignHoriz=method-wrapper(...), alignText='center', alignVert=method-wrapper(...), anchorHoriz='center', anchorVert='center', antialias=True, autoDraw=False, autoLog=True, bold=False, color=array([1., 1., 1.]), colorSpace='rgb', contrast=1.0, depth=0, draggable=False, flipHoriz=False, flipVert=False, font='', fontFiles=[], height=0.03, italic=False, languageStyle='LTR', name='unnamed TextStim', opacity=1.0, ori=0.0, pos=array([ 0.  , -0.25]), rgb=UNKNOWN, text='Leertaste drücken um weiterzumachen', units='height', win=Window(...), wrapWidth=1)
16.9857 	EXP 	Created unnamed TextStim = TextStim(__class__=<class 'psychopy.visual.text.TextStim'>, alignHoriz=method-wrapper(...), alignText='center', alignVert=method-wrapper(...), anchorHoriz='center', anchorVert='center', antialias=True, autoDraw=False, autoLog=True, bold=True, color=array([1., 1., 1.]), colorSpace='rgb', contrast=1.0, depth=0, draggable=False, flipHoriz=False, flipVert=False, font='', fontFiles=[], height=0.14, italic=False, languageStyle='LTR', name='unnamed TextStim', opacity=1.0, ori=0.0, pos=array([0.  , 0.15]), rgb=UNKNOWN, text='STOP', units='height', win=Window(...), wrapWidth=1)
16.9858 	INFO 	Mouse: using default window
16.9865 	EXP 	Created unnamed Rect = Rect(__class__=<class 'psychopy.visual.rect.Rect'>, anchor=('center', 'center'), autoDraw=False, autoLog=True, closeShape=True, color=method-wrapper(...), colorSpace='rgb', contrast=None, depth=0, draggable=False, fillColor=array([-1,  1,  1]), fillColorSpace='rgb', fillRGB=array([-1,  1,  1]), interpolate=True, lineColor=array([0., 0., 0.]), lineColorSpace='rgb', lineRGB=array([0, 0, 0]), lineWidth=1.5, name='unnamed Rect', opacity=1, ori=0.0, pos=array([0., 0.]), size=array([0.15, 0.15]), units='height', vertices=ndarray(...), win=Window(...))
16.9872 	EXP 	Created unnamed Rect = Rect(__class__=<class 'psychopy.visual.rect.Rect'>, anchor=('center', 'center'), autoDraw=False, autoLog=True, closeShape=True, color=method-wrapper(...), colorSpace='rgb', contrast=None, depth=0, draggable=False, fillColor=array([ 1,  1, -1]), fillColorSpace='rgb', fillRGB=array([ 1,  1, -1]), interpolate=True, lineColor=array([0., 0., 0.]), lineColorSpace='rgb', lineRGB=array([0, 0, 0]), lineWidth=1.5, name='unnamed Rect', opacity=1, ori=0.0, pos=array([0., 0.]), size=array([0.15, 0.15]), units='height', vertices=ndarray(...), win=Window(...))
16.9878 	EXP 	Created unnamed Rect = Rect(__class__=<class 'psychopy.visual.rect.Rect'>, anchor=('center', 'center'), autoDraw=False, autoLog=True, closeShape=True, color=method-wrapper(...), colorSpace='rgb', contrast=None, depth=0, draggable=False, fillColor=array([ 1, -1,  1]), fillColorSpace='rgb', fillRGB=array([ 1, -1,  1]), interpolate=True, lineColor=array([0., 0., 0.]), lineColorSpace='rgb', lineRGB=array([0, 0, 0]), lineWidth=1.5, name='unnamed Rect', opacity=1, ori=0.0, pos=array([0., 0.]), size=array([0.15, 0.15]), units='height', vertices=ndarray(...), win=Window(...))
16.9939 	EXP 	Created unnamed TextStim = TextStim(__class__=<class 'psychopy.visual.text.TextStim'>, alignHoriz=method-wrapper(...), alignText='center', alignVert=method-wrapper(...), anchorHoriz='center', anchorVert='center', antialias=True, autoDraw=False, autoLog=True, bold=True, color=array([-1.,  1., -1.]), colorSpace='rgb', contrast=1.0, depth=0, draggable=False, flipHoriz=False, flipVert=False, font='', fontFiles=[], height=0.05, italic=False, languageStyle='LTR', name='unnamed TextStim', opacity=1.0, ori=0.0, pos=array([0., 0.]), rgb=UNKNOWN, text='Keine \nBewegung', units='height', win=Window(...), wrapWidth=1)
16.9960 	EXP 	Created unnamed ShapeStim = ShapeStim(__class__=<class 'psychopy.visual.shape.ShapeStim'>, anchor=('center', 'center'), autoDraw=False, autoLog=True, closeShape=False, color=method-wrapper(...), colorSpace='rgb', contrast=None, depth=0, draggable=False, fillColor=array([0, 0, 0]), fillColorSpace='rgb', fillRGB=array([0, 0, 0]), interpolate=True, lineColor=array([0.00392157, 0.00392157, 0.00392157]), lineColorSpace='rgb', lineRGB=array([0.00392157, 0.00392157, 0.00392157]), lineWidth=8, name='unnamed ShapeStim', opacity=1.0, ori=0.0, pos=array([0., 0.]), size=array([1., 1.]), units='height', vertices=ndarray(...), win=Window(...), windingRule=None)
17.0051 	EXP 	Created unnamed TextStim = TextStim(__class__=<class 'psychopy.visual.text.TextStim'>, alignHoriz=method-wrapper(...), alignText='center', alignVert=method-wrapper(...), anchorHoriz='center', anchorVert='center', antialias=True, autoDraw=False, autoLog=True, bold=False, color=array([1., 1., 1.]), colorSpace='rgb', contrast=1.0, depth=0, draggable=False, flipHoriz=False, flipVert=False, font='', fontFiles=[], height=0.07, italic=False, languageStyle='LTR', name='unnamed TextStim', opacity=1.0, ori=0.0, pos=array([0., 0.]), rgb=UNKNOWN, text='Willkommen zu unserer Untersuchung!', units='height', win=Window(...), wrapWidth=1)
22.5483 	DATA 	Keypress: space
22.5560 	EXP 	Created unnamed TextStim = TextStim(__class__=<class 'psychopy.visual.text.TextStim'>, alignHoriz=method-wrapper(...), alignText='center', alignVert=method-wrapper(...), anchorHoriz='center', anchorVert='center', antialias=True, autoDraw=False, autoLog=True, bold=False, color=array([1., 1., 1.]), colorSpace='rgb', contrast=1.0, depth=0, draggable=False, flipHoriz=False, flipVert=False, font='', fontFiles=[], height=0.07, italic=False, languageStyle='LTR', name='unnamed TextStim', opacity=1.0, ori=0.0, pos=array([0., 0.]), rgb=UNKNOWN, text='Pause', units='height', win=Window(...), wrapWidth=1)
22.5567 	EXP 	Device response: <KeyPress from None: t=22.462174600001163, value=space, duration=None>
22.5567 	EXP 	Device response: <KeyPress from None: t=22.462174600001163, value=space, duration=0.09350979999726405>
22.5590 	EXP 	unnamed ShapeStim: borderColor = 'white'
24.8933 	EXP 	unnamed ShapeStim: borderColor = 'red'
27.0044 	DATA 	Mouse: Left button down, pos=(957,97)
27.7524 	EXP 	unnamed Rect: fillColor = 'red'
28.7525 	EXP 	unnamed Rect: fillColor = 'aqua'
28.7525 	EXP 	unnamed Rect: fillColor = 'yellow'
28.7525 	EXP 	unnamed Rect: fillColor = 'fuchsia'
28.7688 	EXP 	unnamed ShapeStim: borderColor = 'white'
29.5356 	EXP 	unnamed ShapeStim: borderColor = 'red'
32.8359 	EXP 	unnamed ShapeStim: borderColor = 'white'
35.5688 	EXP 	unnamed ShapeStim: borderColor = 'red'
39.3190 	EXP 	unnamed ShapeStim: borderColor = 'white'
39.3190 	EXP 	unnamed ShapeStim: borderColor = 'red'
42.0689 	EXP 	unnamed Rect: fillColor = 'red'
43.0855 	EXP 	unnamed Rect: fillColor = 'aqua'
43.0855 	EXP 	unnamed Rect: fillColor = 'yellow'
43.0855 	EXP 	unnamed Rect: fillColor = 'fuchsia'
43.1020 	EXP 	unnamed ShapeStim: borderColor = 'white'
43.8687 	EXP 	unnamed ShapeStim: borderColor = 'red'
50.7523 	EXP 	unnamed Rect: fillColor = 'red'
51.7688 	EXP 	unnamed Rect: fillColor = 'aqua'
51.7688 	EXP 	unnamed Rect: fillColor = 'yellow'
51.7688 	EXP 	unnamed Rect: fillColor = 'fuchsia'
51.7854 	EXP 	unnamed ShapeStim: borderColor = 'white'
53.0355 	EXP 	unnamed ShapeStim: borderColor = 'red'
69.6024 	EXP 	unnamed Rect: fillColor = 'red'
70.6190 	EXP 	unnamed Rect: fillColor = 'aqua'
70.6190 	EXP 	unnamed Rect: fillColor = 'yellow'
70.6190 	EXP 	unnamed Rect: fillColor = 'fuchsia'
70.6359 	EXP 	unnamed ShapeStim: borderColor = 'white'
72.5523 	EXP 	unnamed ShapeStim: borderColor = 'red'
76.0526 	EXP 	unnamed ShapeStim: borderColor = 'white'
76.9521 	EXP 	unnamed ShapeStim: borderColor = 'red'
79.9522 	EXP 	unnamed Rect: fillColor = 'red'
80.9687 	EXP 	unnamed Rect: fillColor = 'aqua'
80.9687 	EXP 	unnamed Rect: fillColor = 'yellow'
80.9687 	EXP 	unnamed Rect: fillColor = 'fuchsia'
80.9856 	EXP 	unnamed ShapeStim: borderColor = 'white'
82.2685 	EXP 	unnamed ShapeStim: borderColor = 'red'
84.8522 	EXP 	unnamed Rect: fillColor = 'red'
85.8686 	EXP 	unnamed Rect: fillColor = 'aqua'
85.8686 	EXP 	unnamed Rect: fillColor = 'yellow'
85.8686 	EXP 	unnamed Rect: fillColor = 'fuchsia'
85.8851 	EXP 	unnamed ShapeStim: borderColor = 'white'
87.3855 	EXP 	unnamed ShapeStim: borderColor = 'red'
89.8520 	EXP 	unnamed Rect: fillColor = 'red'
90.8685 	EXP 	unnamed Rect: fillColor = 'aqua'
90.8685 	EXP 	unnamed Rect: fillColor = 'yellow'
90.8685 	EXP 	unnamed Rect: fillColor = 'fuchsia'
90.8851 	EXP 	unnamed ShapeStim: borderColor = 'white'
92.9853 	EXP 	unnamed ShapeStim: borderColor = 'red'
96.1019 	EXP 	unnamed ShapeStim: borderColor = 'white'
97.8518 	EXP 	unnamed ShapeStim: borderColor = 'red'
101.4184 	EXP 	unnamed ShapeStim: borderColor = 'white'
101.4184 	EXP 	unnamed ShapeStim: borderColor = 'red'
104.3354 	EXP 	unnamed ShapeStim: borderColor = 'white'
105.7353 	EXP 	unnamed ShapeStim: borderColor = 'red'
108.4020 	EXP 	unnamed Rect: fillColor = 'red'
109.4184 	EXP 	unnamed Rect: fillColor = 'aqua'
109.4184 	EXP 	unnamed Rect: fillColor = 'yellow'
109.4184 	EXP 	unnamed Rect: fillColor = 'fuchsia'
109.4354 	EXP 	unnamed ShapeStim: borderColor = 'white'
111.0520 	EXP 	unnamed ShapeStim: borderColor = 'red'
114.4352 	EXP 	unnamed ShapeStim: borderColor = 'white'
114.4352 	EXP 	unnamed ShapeStim: borderColor = 'red'
117.3519 	EXP 	unnamed ShapeStim: borderColor = 'white'
123.0351 	EXP 	unnamed ShapeStim: borderColor = 'red'
125.1519 	EXP 	unnamed Rect: fillColor = 'red'
126.1685 	EXP 	unnamed Rect: fillColor = 'aqua'
126.1685 	EXP 	unnamed Rect: fillColor = 'yellow'
126.1685 	EXP 	unnamed Rect: fillColor = 'fuchsia'
126.1850 	EXP 	unnamed ShapeStim: borderColor = 'white'
127.3520 	EXP 	unnamed ShapeStim: borderColor = 'red'
130.0684 	EXP 	unnamed Rect: fillColor = 'red'
131.0853 	EXP 	unnamed Rect: fillColor = 'aqua'
131.0853 	EXP 	unnamed Rect: fillColor = 'yellow'
131.0853 	EXP 	unnamed Rect: fillColor = 'fuchsia'
131.1017 	EXP 	unnamed ShapeStim: borderColor = 'white'
132.4853 	EXP 	unnamed ShapeStim: borderColor = 'red'
135.4188 	EXP 	unnamed Rect: fillColor = 'red'
136.4354 	EXP 	unnamed Rect: fillColor = 'aqua'
136.4354 	EXP 	unnamed Rect: fillColor = 'yellow'
136.4354 	EXP 	unnamed Rect: fillColor = 'fuchsia'
136.4521 	EXP 	unnamed ShapeStim: borderColor = 'white'
137.5184 	EXP 	unnamed ShapeStim: borderColor = 'red'
140.2854 	EXP 	unnamed Rect: fillColor = 'red'
141.3018 	EXP 	unnamed Rect: fillColor = 'aqua'
141.3018 	EXP 	unnamed Rect: fillColor = 'yellow'
141.3018 	EXP 	unnamed Rect: fillColor = 'fuchsia'
141.3184 	EXP 	unnamed ShapeStim: borderColor = 'white'
143.0019 	EXP 	unnamed ShapeStim: borderColor = 'red'
145.7184 	EXP 	unnamed Rect: fillColor = 'red'
146.7183 	EXP 	unnamed Rect: fillColor = 'aqua'
146.7183 	EXP 	unnamed Rect: fillColor = 'yellow'
146.7183 	EXP 	unnamed Rect: fillColor = 'fuchsia'
146.7350 	EXP 	unnamed ShapeStim: borderColor = 'white'
148.0684 	EXP 	unnamed ShapeStim: borderColor = 'red'
151.4018 	EXP 	unnamed ShapeStim: borderColor = 'white'
151.4018 	EXP 	unnamed ShapeStim: borderColor = 'red'
153.4681 	EXP 	unnamed ShapeStim: borderColor = 'white'
153.4681 	EXP 	unnamed ShapeStim: borderColor = 'red'
157.1351 	EXP 	unnamed ShapeStim: borderColor = 'white'
157.1351 	EXP 	unnamed ShapeStim: borderColor = 'red'
159.8019 	EXP 	unnamed Rect: fillColor = 'red'
160.8182 	EXP 	unnamed Rect: fillColor = 'aqua'
160.8182 	EXP 	unnamed Rect: fillColor = 'yellow'
160.8182 	EXP 	unnamed Rect: fillColor = 'fuchsia'
160.8352 	EXP 	unnamed ShapeStim: borderColor = 'white'
161.6350 	EXP 	unnamed ShapeStim: borderColor = 'red'
164.5849 	EXP 	unnamed ShapeStim: borderColor = 'white'
170.2684 	EXP 	unnamed ShapeStim: borderColor = 'red'
173.8183 	EXP 	unnamed ShapeStim: borderColor = 'white'
173.8183 	EXP 	unnamed ShapeStim: borderColor = 'red'
176.2518 	EXP 	unnamed Rect: fillColor = 'red'
177.2684 	EXP 	unnamed Rect: fillColor = 'aqua'
177.2684 	EXP 	unnamed Rect: fillColor = 'yellow'
177.2684 	EXP 	unnamed Rect: fillColor = 'fuchsia'
177.2848 	EXP 	unnamed ShapeStim: borderColor = 'white'
178.4851 	EXP 	unnamed ShapeStim: borderColor = 'red'
182.7349 	EXP 	unnamed ShapeStim: borderColor = 'white'
184.2023 	EXP 	unnamed ShapeStim: borderColor = 'red'
191.3818 	DATA 	Mouse:  Left button up, pos=(1149,333)
243.9066 	DATA 	Keypress: space
243.9077 	EXP 	Device response: <KeyPress from None: t=243.86493119999795, value=space, duration=None>
243.9097 	EXP 	unnamed ShapeStim: borderColor = 'white'
243.9346 	EXP 	Device response: <KeyPress from None: t=243.86493119999795, value=space, duration=0.05734930000107852>
246.3014 	EXP 	unnamed ShapeStim: borderColor = 'red'
247.8872 	DATA 	Mouse: Left button down, pos=(957,92)
248.7014 	EXP 	unnamed Rect: fillColor = 'red'
249.7182 	EXP 	unnamed Rect: fillColor = 'aqua'
249.7182 	EXP 	unnamed Rect: fillColor = 'yellow'
249.7182 	EXP 	unnamed Rect: fillColor = 'fuchsia'
249.7348 	EXP 	unnamed ShapeStim: borderColor = 'white'
250.4346 	EXP 	unnamed ShapeStim: borderColor = 'red'
252.7679 	EXP 	unnamed Rect: fillColor = 'red'
253.7679 	EXP 	unnamed Rect: fillColor = 'aqua'
253.7679 	EXP 	unnamed Rect: fillColor = 'yellow'
253.7679 	EXP 	unnamed Rect: fillColor = 'fuchsia'
253.7846 	EXP 	unnamed ShapeStim: borderColor = 'white'
254.5348 	EXP 	unnamed ShapeStim: borderColor = 'red'
257.2680 	EXP 	unnamed Rect: fillColor = 'red'
258.2845 	EXP 	unnamed Rect: fillColor = 'aqua'
258.2845 	EXP 	unnamed Rect: fillColor = 'yellow'
258.2845 	EXP 	unnamed Rect: fillColor = 'fuchsia'
258.3012 	EXP 	unnamed ShapeStim: borderColor = 'white'
258.8016 	EXP 	unnamed ShapeStim: borderColor = 'red'
261.2179 	EXP 	unnamed Rect: fillColor = 'red'
262.2180 	EXP 	unnamed Rect: fillColor = 'aqua'
262.2180 	EXP 	unnamed Rect: fillColor = 'yellow'
262.2180 	EXP 	unnamed Rect: fillColor = 'fuchsia'
262.2346 	EXP 	unnamed ShapeStim: borderColor = 'white'
263.2511 	EXP 	unnamed ShapeStim: borderColor = 'red'
265.9847 	EXP 	unnamed ShapeStim: borderColor = 'white'
267.5514 	EXP 	unnamed ShapeStim: borderColor = 'red'
271.2179 	EXP 	unnamed ShapeStim: borderColor = 'white'
272.7846 	EXP 	unnamed ShapeStim: borderColor = 'red'
275.3344 	EXP 	unnamed Rect: fillColor = 'red'
276.3511 	EXP 	unnamed Rect: fillColor = 'aqua'
276.3511 	EXP 	unnamed Rect: fillColor = 'yellow'
276.3511 	EXP 	unnamed Rect: fillColor = 'fuchsia'
276.3674 	EXP 	unnamed ShapeStim: borderColor = 'white'
277.9179 	EXP 	unnamed ShapeStim: borderColor = 'red'
281.4845 	EXP 	unnamed Rect: fillColor = 'red'
282.5012 	EXP 	unnamed Rect: fillColor = 'aqua'
282.5012 	EXP 	unnamed Rect: fillColor = 'yellow'
282.5012 	EXP 	unnamed Rect: fillColor = 'fuchsia'
282.5178 	EXP 	unnamed ShapeStim: borderColor = 'white'
283.9512 	EXP 	unnamed ShapeStim: borderColor = 'red'
287.3511 	EXP 	unnamed ShapeStim: borderColor = 'white'
289.2177 	EXP 	unnamed ShapeStim: borderColor = 'red'
291.2513 	EXP 	unnamed Rect: fillColor = 'red'
292.2677 	EXP 	unnamed Rect: fillColor = 'aqua'
292.2677 	EXP 	unnamed Rect: fillColor = 'yellow'
292.2677 	EXP 	unnamed Rect: fillColor = 'fuchsia'
292.2844 	EXP 	unnamed ShapeStim: borderColor = 'white'
293.6678 	EXP 	unnamed ShapeStim: borderColor = 'red'
296.3345 	EXP 	unnamed Rect: fillColor = 'red'
297.3511 	EXP 	unnamed Rect: fillColor = 'aqua'
297.3511 	EXP 	unnamed Rect: fillColor = 'yellow'
297.3511 	EXP 	unnamed Rect: fillColor = 'fuchsia'
297.3678 	EXP 	unnamed ShapeStim: borderColor = 'white'
298.9178 	EXP 	unnamed ShapeStim: borderColor = 'red'
301.2345 	EXP 	unnamed Rect: fillColor = 'red'
302.2511 	EXP 	unnamed Rect: fillColor = 'aqua'
302.2511 	EXP 	unnamed Rect: fillColor = 'yellow'
302.2511 	EXP 	unnamed Rect: fillColor = 'fuchsia'
302.2676 	EXP 	unnamed ShapeStim: borderColor = 'white'
303.6679 	EXP 	unnamed ShapeStim: borderColor = 'red'
306.2342 	EXP 	unnamed Rect: fillColor = 'red'
307.2344 	EXP 	unnamed Rect: fillColor = 'aqua'
307.2344 	EXP 	unnamed Rect: fillColor = 'yellow'
307.2344 	EXP 	unnamed Rect: fillColor = 'fuchsia'
307.2509 	EXP 	unnamed ShapeStim: borderColor = 'white'
308.3344 	EXP 	unnamed ShapeStim: borderColor = 'red'
311.5178 	EXP 	unnamed ShapeStim: borderColor = 'white'
313.4341 	EXP 	unnamed ShapeStim: borderColor = 'red'
315.5341 	EXP 	unnamed Rect: fillColor = 'red'
316.5342 	EXP 	unnamed Rect: fillColor = 'aqua'
316.5342 	EXP 	unnamed Rect: fillColor = 'yellow'
316.5342 	EXP 	unnamed Rect: fillColor = 'fuchsia'
316.5514 	EXP 	unnamed ShapeStim: borderColor = 'white'
317.6011 	EXP 	unnamed ShapeStim: borderColor = 'red'
320.5009 	EXP 	unnamed Rect: fillColor = 'red'
321.5009 	EXP 	unnamed Rect: fillColor = 'aqua'
321.5009 	EXP 	unnamed Rect: fillColor = 'yellow'
321.5009 	EXP 	unnamed Rect: fillColor = 'fuchsia'
321.5176 	EXP 	unnamed ShapeStim: borderColor = 'white'
324.2175 	EXP 	unnamed ShapeStim: borderColor = 'red'
326.6510 	EXP 	unnamed Rect: fillColor = 'red'
327.6674 	EXP 	unnamed Rect: fillColor = 'aqua'
327.6674 	EXP 	unnamed Rect: fillColor = 'yellow'
327.6674 	EXP 	unnamed Rect: fillColor = 'fuchsia'
327.6841 	EXP 	unnamed ShapeStim: borderColor = 'white'
328.8173 	EXP 	unnamed ShapeStim: borderColor = 'red'
331.4841 	EXP 	unnamed Rect: fillColor = 'red'
332.4842 	EXP 	unnamed Rect: fillColor = 'aqua'
332.4842 	EXP 	unnamed Rect: fillColor = 'yellow'
332.4842 	EXP 	unnamed Rect: fillColor = 'fuchsia'
332.5008 	EXP 	unnamed ShapeStim: borderColor = 'white'
333.7175 	EXP 	unnamed ShapeStim: borderColor = 'red'
337.2675 	EXP 	unnamed ShapeStim: borderColor = 'white'
337.2675 	EXP 	unnamed ShapeStim: borderColor = 'red'
340.1674 	EXP 	unnamed ShapeStim: borderColor = 'white'
341.9842 	EXP 	unnamed ShapeStim: borderColor = 'red'
345.1343 	EXP 	unnamed ShapeStim: borderColor = 'white'
350.4011 	EXP 	unnamed ShapeStim: borderColor = 'red'
353.7514 	EXP 	unnamed ShapeStim: borderColor = 'white'
355.6007 	EXP 	unnamed ShapeStim: borderColor = 'red'
358.1510 	EXP 	unnamed Rect: fillColor = 'red'
359.1675 	EXP 	unnamed Rect: fillColor = 'aqua'
359.1675 	EXP 	unnamed Rect: fillColor = 'yellow'
359.1675 	EXP 	unnamed Rect: fillColor = 'fuchsia'
359.1841 	EXP 	unnamed ShapeStim: borderColor = 'white'
360.0841 	EXP 	unnamed ShapeStim: borderColor = 'red'
363.0674 	EXP 	unnamed ShapeStim: borderColor = 'white'
365.0006 	EXP 	unnamed ShapeStim: borderColor = 'red'
367.4342 	EXP 	unnamed Rect: fillColor = 'red'
368.4508 	EXP 	unnamed Rect: fillColor = 'aqua'
368.4508 	EXP 	unnamed Rect: fillColor = 'yellow'
368.4508 	EXP 	unnamed Rect: fillColor = 'fuchsia'
368.4672 	EXP 	unnamed ShapeStim: borderColor = 'white'
369.9178 	EXP 	unnamed ShapeStim: borderColor = 'red'
372.1678 	EXP 	unnamed Rect: fillColor = 'red'
373.1674 	EXP 	unnamed Rect: fillColor = 'aqua'
373.1674 	EXP 	unnamed Rect: fillColor = 'yellow'
373.1674 	EXP 	unnamed Rect: fillColor = 'fuchsia'
373.1841 	EXP 	unnamed ShapeStim: borderColor = 'white'
374.2175 	EXP 	unnamed ShapeStim: borderColor = 'red'
377.2676 	EXP 	unnamed ShapeStim: borderColor = 'white'
380.9173 	EXP 	unnamed ShapeStim: borderColor = 'red'
384.4178 	EXP 	unnamed ShapeStim: borderColor = 'white'
386.2342 	EXP 	unnamed ShapeStim: borderColor = 'red'
389.1673 	EXP 	unnamed ShapeStim: borderColor = 'white'
390.3343 	EXP 	unnamed ShapeStim: borderColor = 'red'
393.5007 	EXP 	unnamed Rect: fillColor = 'red'
394.5172 	EXP 	unnamed Rect: fillColor = 'aqua'
394.5172 	EXP 	unnamed Rect: fillColor = 'yellow'
394.5172 	EXP 	unnamed Rect: fillColor = 'fuchsia'
396.6558 	DATA 	Mouse:  Left button up, pos=(1148,431)
405.6224 	DATA 	Keypress: space
405.6271 	EXP 	Device response: <KeyPress from None: t=405.5992901999998, value=space, duration=None>
405.6290 	EXP 	unnamed ShapeStim: borderColor = 'white'
405.6675 	EXP 	Device response: <KeyPress from None: t=405.5992901999998, value=space, duration=0.0606125999984215>
433.6684 	EXP 	unnamed ShapeStim: borderColor = 'red'
436.2711 	DATA 	Mouse: Left button down, pos=(965,75)
436.2722 	DATA 	Mouse:  Left button up, pos=(965,75)
436.3254 	DATA 	Mouse: Left button down, pos=(965,75)
437.2837 	EXP 	unnamed ShapeStim: borderColor = 'white'
437.2837 	EXP 	unnamed ShapeStim: borderColor = 'red'
439.5337 	EXP 	unnamed Rect: fillColor = 'red'
440.5504 	EXP 	unnamed Rect: fillColor = 'aqua'
440.5504 	EXP 	unnamed Rect: fillColor = 'yellow'
440.5504 	EXP 	unnamed Rect: fillColor = 'fuchsia'
440.5668 	EXP 	unnamed ShapeStim: borderColor = 'white'
441.4170 	EXP 	unnamed ShapeStim: borderColor = 'red'
444.1172 	EXP 	unnamed ShapeStim: borderColor = 'white'
445.9174 	EXP 	unnamed ShapeStim: borderColor = 'red'
448.4005 	EXP 	unnamed Rect: fillColor = 'red'
449.4003 	EXP 	unnamed Rect: fillColor = 'aqua'
449.4003 	EXP 	unnamed Rect: fillColor = 'yellow'
449.4003 	EXP 	unnamed Rect: fillColor = 'fuchsia'
449.4173 	EXP 	unnamed ShapeStim: borderColor = 'white'
450.3837 	EXP 	unnamed ShapeStim: borderColor = 'red'
453.3503 	EXP 	unnamed ShapeStim: borderColor = 'white'
454.9838 	EXP 	unnamed ShapeStim: borderColor = 'red'
457.8673 	EXP 	unnamed ShapeStim: borderColor = 'white'
459.4501 	EXP 	unnamed ShapeStim: borderColor = 'red'
462.1337 	EXP 	unnamed Rect: fillColor = 'red'
463.1337 	EXP 	unnamed Rect: fillColor = 'aqua'
463.1337 	EXP 	unnamed Rect: fillColor = 'yellow'
463.1337 	EXP 	unnamed Rect: fillColor = 'fuchsia'
463.1501 	EXP 	unnamed ShapeStim: borderColor = 'white'
464.6171 	EXP 	unnamed ShapeStim: borderColor = 'red'
467.4503 	EXP 	unnamed Rect: fillColor = 'red'
468.4670 	EXP 	unnamed Rect: fillColor = 'aqua'
468.4670 	EXP 	unnamed Rect: fillColor = 'yellow'
468.4670 	EXP 	unnamed Rect: fillColor = 'fuchsia'
468.4835 	EXP 	unnamed ShapeStim: borderColor = 'white'
469.8000 	EXP 	unnamed ShapeStim: borderColor = 'red'
472.6336 	EXP 	unnamed Rect: fillColor = 'red'
473.6507 	EXP 	unnamed Rect: fillColor = 'aqua'
473.6507 	EXP 	unnamed Rect: fillColor = 'yellow'
473.6507 	EXP 	unnamed Rect: fillColor = 'fuchsia'
473.6668 	EXP 	unnamed ShapeStim: borderColor = 'white'
475.0504 	EXP 	unnamed ShapeStim: borderColor = 'red'
477.1837 	EXP 	unnamed Rect: fillColor = 'red'
478.2002 	EXP 	unnamed Rect: fillColor = 'aqua'
478.2002 	EXP 	unnamed Rect: fillColor = 'yellow'
478.2002 	EXP 	unnamed Rect: fillColor = 'fuchsia'
478.2169 	EXP 	unnamed ShapeStim: borderColor = 'white'
479.5335 	EXP 	unnamed ShapeStim: borderColor = 'red'
482.0503 	EXP 	unnamed Rect: fillColor = 'red'
483.0669 	EXP 	unnamed Rect: fillColor = 'aqua'
483.0669 	EXP 	unnamed Rect: fillColor = 'yellow'
483.0669 	EXP 	unnamed Rect: fillColor = 'fuchsia'
483.0835 	EXP 	unnamed ShapeStim: borderColor = 'white'
484.4003 	EXP 	unnamed ShapeStim: borderColor = 'red'
486.6002 	EXP 	unnamed Rect: fillColor = 'red'
487.6169 	EXP 	unnamed Rect: fillColor = 'aqua'
487.6169 	EXP 	unnamed Rect: fillColor = 'yellow'
487.6169 	EXP 	unnamed Rect: fillColor = 'fuchsia'
487.6335 	EXP 	unnamed ShapeStim: borderColor = 'white'
488.7505 	EXP 	unnamed ShapeStim: borderColor = 'red'
490.8669 	EXP 	unnamed Rect: fillColor = 'red'
491.8672 	EXP 	unnamed Rect: fillColor = 'aqua'
491.8672 	EXP 	unnamed Rect: fillColor = 'yellow'
491.8672 	EXP 	unnamed Rect: fillColor = 'fuchsia'
491.8833 	EXP 	unnamed ShapeStim: borderColor = 'white'
493.4335 	EXP 	unnamed ShapeStim: borderColor = 'red'
495.8001 	EXP 	unnamed Rect: fillColor = 'red'
496.8166 	EXP 	unnamed Rect: fillColor = 'aqua'
496.8166 	EXP 	unnamed Rect: fillColor = 'yellow'
496.8166 	EXP 	unnamed Rect: fillColor = 'fuchsia'
496.8333 	EXP 	unnamed ShapeStim: borderColor = 'white'
498.5836 	EXP 	unnamed ShapeStim: borderColor = 'red'
501.0668 	EXP 	unnamed Rect: fillColor = 'red'
502.0671 	EXP 	unnamed Rect: fillColor = 'aqua'
502.0671 	EXP 	unnamed Rect: fillColor = 'yellow'
502.0671 	EXP 	unnamed Rect: fillColor = 'fuchsia'
502.0834 	EXP 	unnamed ShapeStim: borderColor = 'white'
503.5832 	EXP 	unnamed ShapeStim: borderColor = 'red'
506.6833 	EXP 	unnamed Rect: fillColor = 'red'
507.7000 	EXP 	unnamed Rect: fillColor = 'aqua'
507.7000 	EXP 	unnamed Rect: fillColor = 'yellow'
507.7000 	EXP 	unnamed Rect: fillColor = 'fuchsia'
507.7166 	EXP 	unnamed ShapeStim: borderColor = 'white'
509.9333 	EXP 	unnamed ShapeStim: borderColor = 'red'
513.1167 	EXP 	unnamed ShapeStim: borderColor = 'white'
514.9833 	EXP 	unnamed ShapeStim: borderColor = 'red'
517.8333 	EXP 	unnamed Rect: fillColor = 'red'
518.8500 	EXP 	unnamed Rect: fillColor = 'aqua'
518.8500 	EXP 	unnamed Rect: fillColor = 'yellow'
518.8500 	EXP 	unnamed Rect: fillColor = 'fuchsia'
518.8664 	EXP 	unnamed ShapeStim: borderColor = 'white'
520.0833 	EXP 	unnamed ShapeStim: borderColor = 'red'
523.5165 	EXP 	unnamed ShapeStim: borderColor = 'white'
523.5165 	EXP 	unnamed ShapeStim: borderColor = 'red'
526.2169 	EXP 	unnamed Rect: fillColor = 'red'
527.2333 	EXP 	unnamed Rect: fillColor = 'aqua'
527.2333 	EXP 	unnamed Rect: fillColor = 'yellow'
527.2333 	EXP 	unnamed Rect: fillColor = 'fuchsia'
527.2499 	EXP 	unnamed ShapeStim: borderColor = 'white'
528.7333 	EXP 	unnamed ShapeStim: borderColor = 'red'
532.1832 	EXP 	unnamed ShapeStim: borderColor = 'white'
533.7167 	EXP 	unnamed ShapeStim: borderColor = 'red'
536.5833 	EXP 	unnamed ShapeStim: borderColor = 'white'
537.9672 	EXP 	unnamed ShapeStim: borderColor = 'red'
540.2334 	EXP 	unnamed Rect: fillColor = 'red'
541.2334 	EXP 	unnamed Rect: fillColor = 'aqua'
541.2334 	EXP 	unnamed Rect: fillColor = 'yellow'
541.2334 	EXP 	unnamed Rect: fillColor = 'fuchsia'
541.2498 	EXP 	unnamed ShapeStim: borderColor = 'white'
542.3832 	EXP 	unnamed ShapeStim: borderColor = 'red'
545.1832 	EXP 	unnamed ShapeStim: borderColor = 'white'
546.4830 	EXP 	unnamed ShapeStim: borderColor = 'red'
548.7832 	EXP 	unnamed Rect: fillColor = 'red'
549.7832 	EXP 	unnamed Rect: fillColor = 'aqua'
549.7832 	EXP 	unnamed Rect: fillColor = 'yellow'
549.7832 	EXP 	unnamed Rect: fillColor = 'fuchsia'
549.7999 	EXP 	unnamed ShapeStim: borderColor = 'white'
551.4168 	EXP 	unnamed ShapeStim: borderColor = 'red'
554.5667 	EXP 	unnamed ShapeStim: borderColor = 'white'
556.5831 	EXP 	unnamed ShapeStim: borderColor = 'red'
558.7999 	EXP 	unnamed Rect: fillColor = 'red'
559.8162 	EXP 	unnamed Rect: fillColor = 'aqua'
559.8162 	EXP 	unnamed Rect: fillColor = 'yellow'
559.8162 	EXP 	unnamed Rect: fillColor = 'fuchsia'
559.8330 	EXP 	unnamed ShapeStim: borderColor = 'white'
561.6168 	EXP 	unnamed ShapeStim: borderColor = 'red'
563.8832 	EXP 	unnamed Rect: fillColor = 'red'
564.8999 	EXP 	unnamed Rect: fillColor = 'aqua'
564.8999 	EXP 	unnamed Rect: fillColor = 'yellow'
564.8999 	EXP 	unnamed Rect: fillColor = 'fuchsia'
564.9164 	EXP 	unnamed ShapeStim: borderColor = 'white'
566.1999 	EXP 	unnamed ShapeStim: borderColor = 'red'
569.3831 	EXP 	unnamed ShapeStim: borderColor = 'white'
571.1663 	EXP 	unnamed ShapeStim: borderColor = 'red'
573.6166 	EXP 	unnamed Rect: fillColor = 'red'
574.6330 	EXP 	unnamed Rect: fillColor = 'aqua'
574.6330 	EXP 	unnamed Rect: fillColor = 'yellow'
574.6330 	EXP 	unnamed Rect: fillColor = 'fuchsia'
576.4688 	DATA 	Mouse:  Left button up, pos=(1176,444)
593.3899 	DATA 	Keypress: space
593.3921 	EXP 	Device response: <KeyPress from None: t=593.3891747999987, value=space, duration=None>
593.3945 	EXP 	unnamed ShapeStim: borderColor = 'white'
593.5835 	EXP 	Device response: <KeyPress from None: t=593.3891747999987, value=space, duration=0.17791090000173426>
600.6331 	EXP 	unnamed ShapeStim: borderColor = 'red'
601.4551 	DATA 	Mouse: Left button down, pos=(947,95)
601.4566 	DATA 	Mouse:  Left button up, pos=(947,95)
601.5013 	DATA 	Mouse: Left button down, pos=(947,95)
603.1164 	EXP 	unnamed Rect: fillColor = 'red'
604.1163 	EXP 	unnamed Rect: fillColor = 'aqua'
604.1163 	EXP 	unnamed Rect: fillColor = 'yellow'
604.1163 	EXP 	unnamed Rect: fillColor = 'fuchsia'
604.1327 	EXP 	unnamed ShapeStim: borderColor = 'white'
605.1498 	EXP 	unnamed ShapeStim: borderColor = 'red'
608.6660 	EXP 	unnamed ShapeStim: borderColor = 'white'
610.4665 	EXP 	unnamed ShapeStim: borderColor = 'red'
613.2499 	EXP 	unnamed Rect: fillColor = 'red'
614.2663 	EXP 	unnamed Rect: fillColor = 'aqua'
614.2663 	EXP 	unnamed Rect: fillColor = 'yellow'
614.2663 	EXP 	unnamed Rect: fillColor = 'fuchsia'
614.2828 	EXP 	unnamed ShapeStim: borderColor = 'white'
615.5663 	EXP 	unnamed ShapeStim: borderColor = 'red'
619.1498 	EXP 	unnamed ShapeStim: borderColor = 'white'
619.1498 	EXP 	unnamed ShapeStim: borderColor = 'red'
621.5503 	EXP 	unnamed Rect: fillColor = 'red'
622.5663 	EXP 	unnamed Rect: fillColor = 'aqua'
622.5663 	EXP 	unnamed Rect: fillColor = 'yellow'
622.5663 	EXP 	unnamed Rect: fillColor = 'fuchsia'
622.5829 	EXP 	unnamed ShapeStim: borderColor = 'white'
623.2162 	EXP 	unnamed ShapeStim: borderColor = 'red'
625.8838 	EXP 	unnamed ShapeStim: borderColor = 'white'
628.9329 	EXP 	unnamed ShapeStim: borderColor = 'red'
631.3662 	EXP 	unnamed Rect: fillColor = 'red'
632.3664 	EXP 	unnamed Rect: fillColor = 'aqua'
632.3664 	EXP 	unnamed Rect: fillColor = 'yellow'
632.3664 	EXP 	unnamed Rect: fillColor = 'fuchsia'
632.3831 	EXP 	unnamed ShapeStim: borderColor = 'white'
633.6329 	EXP 	unnamed ShapeStim: borderColor = 'red'
636.3663 	EXP 	unnamed Rect: fillColor = 'red'
637.3828 	EXP 	unnamed Rect: fillColor = 'aqua'
637.3828 	EXP 	unnamed Rect: fillColor = 'yellow'
637.3828 	EXP 	unnamed Rect: fillColor = 'fuchsia'
637.3994 	EXP 	unnamed ShapeStim: borderColor = 'white'
638.8827 	EXP 	unnamed ShapeStim: borderColor = 'red'
641.4996 	EXP 	unnamed Rect: fillColor = 'red'
642.4998 	EXP 	unnamed Rect: fillColor = 'aqua'
642.4998 	EXP 	unnamed Rect: fillColor = 'yellow'
642.4998 	EXP 	unnamed Rect: fillColor = 'fuchsia'
642.5162 	EXP 	unnamed ShapeStim: borderColor = 'white'
643.8495 	EXP 	unnamed ShapeStim: borderColor = 'red'
646.7827 	EXP 	unnamed ShapeStim: borderColor = 'white'
648.1329 	EXP 	unnamed ShapeStim: borderColor = 'red'
651.5327 	EXP 	unnamed ShapeStim: borderColor = 'white'
653.0666 	EXP 	unnamed ShapeStim: borderColor = 'red'
655.4667 	EXP 	unnamed Rect: fillColor = 'red'
656.4829 	EXP 	unnamed Rect: fillColor = 'aqua'
656.4829 	EXP 	unnamed Rect: fillColor = 'yellow'
656.4829 	EXP 	unnamed Rect: fillColor = 'fuchsia'
656.4993 	EXP 	unnamed ShapeStim: borderColor = 'white'
657.7161 	EXP 	unnamed ShapeStim: borderColor = 'red'
661.0325 	EXP 	unnamed ShapeStim: borderColor = 'white'
661.0325 	EXP 	unnamed ShapeStim: borderColor = 'red'
663.9827 	EXP 	unnamed ShapeStim: borderColor = 'white'
665.0326 	EXP 	unnamed ShapeStim: borderColor = 'red'
668.3662 	EXP 	unnamed ShapeStim: borderColor = 'white'
669.3492 	EXP 	unnamed ShapeStim: borderColor = 'red'
672.0326 	EXP 	unnamed Rect: fillColor = 'red'
673.0494 	EXP 	unnamed Rect: fillColor = 'aqua'
673.0494 	EXP 	unnamed Rect: fillColor = 'yellow'
673.0494 	EXP 	unnamed Rect: fillColor = 'fuchsia'
673.0662 	EXP 	unnamed ShapeStim: borderColor = 'white'
674.3828 	EXP 	unnamed ShapeStim: borderColor = 'red'
677.4162 	EXP 	unnamed Rect: fillColor = 'red'
678.4327 	EXP 	unnamed Rect: fillColor = 'aqua'
678.4327 	EXP 	unnamed Rect: fillColor = 'yellow'
678.4327 	EXP 	unnamed Rect: fillColor = 'fuchsia'
678.4492 	EXP 	unnamed ShapeStim: borderColor = 'white'
679.5161 	EXP 	unnamed ShapeStim: borderColor = 'red'
682.1492 	EXP 	unnamed Rect: fillColor = 'red'
683.1662 	EXP 	unnamed Rect: fillColor = 'aqua'
683.1662 	EXP 	unnamed Rect: fillColor = 'yellow'
683.1662 	EXP 	unnamed Rect: fillColor = 'fuchsia'
683.1826 	EXP 	unnamed ShapeStim: borderColor = 'white'
684.3992 	EXP 	unnamed ShapeStim: borderColor = 'red'
687.1994 	EXP 	unnamed Rect: fillColor = 'red'
688.2159 	EXP 	unnamed Rect: fillColor = 'aqua'
688.2159 	EXP 	unnamed Rect: fillColor = 'yellow'
688.2159 	EXP 	unnamed Rect: fillColor = 'fuchsia'
688.2323 	EXP 	unnamed ShapeStim: borderColor = 'white'
689.3328 	EXP 	unnamed ShapeStim: borderColor = 'red'
692.5826 	EXP 	unnamed ShapeStim: borderColor = 'white'
695.0662 	EXP 	unnamed ShapeStim: borderColor = 'red'
697.6494 	EXP 	unnamed Rect: fillColor = 'red'
698.6496 	EXP 	unnamed Rect: fillColor = 'aqua'
698.6496 	EXP 	unnamed Rect: fillColor = 'yellow'
698.6496 	EXP 	unnamed Rect: fillColor = 'fuchsia'
698.6657 	EXP 	unnamed ShapeStim: borderColor = 'white'
699.8990 	EXP 	unnamed ShapeStim: borderColor = 'red'
703.0157 	EXP 	unnamed Rect: fillColor = 'red'
704.0325 	EXP 	unnamed Rect: fillColor = 'aqua'
704.0325 	EXP 	unnamed Rect: fillColor = 'yellow'
704.0325 	EXP 	unnamed Rect: fillColor = 'fuchsia'
704.0490 	EXP 	unnamed ShapeStim: borderColor = 'white'
705.4992 	EXP 	unnamed ShapeStim: borderColor = 'red'
707.8990 	EXP 	unnamed Rect: fillColor = 'red'
708.9162 	EXP 	unnamed Rect: fillColor = 'aqua'
708.9162 	EXP 	unnamed Rect: fillColor = 'yellow'
708.9162 	EXP 	unnamed Rect: fillColor = 'fuchsia'
708.9324 	EXP 	unnamed ShapeStim: borderColor = 'white'
710.1993 	EXP 	unnamed ShapeStim: borderColor = 'red'
712.7157 	EXP 	unnamed Rect: fillColor = 'red'
713.7158 	EXP 	unnamed Rect: fillColor = 'aqua'
713.7158 	EXP 	unnamed Rect: fillColor = 'yellow'
713.7158 	EXP 	unnamed Rect: fillColor = 'fuchsia'
713.7324 	EXP 	unnamed ShapeStim: borderColor = 'white'
715.1825 	EXP 	unnamed ShapeStim: borderColor = 'red'
717.4828 	EXP 	unnamed Rect: fillColor = 'red'
718.4995 	EXP 	unnamed Rect: fillColor = 'aqua'
718.4995 	EXP 	unnamed Rect: fillColor = 'yellow'
718.4995 	EXP 	unnamed Rect: fillColor = 'fuchsia'
718.5161 	EXP 	unnamed ShapeStim: borderColor = 'white'
720.1159 	EXP 	unnamed ShapeStim: borderColor = 'red'
723.1158 	EXP 	unnamed Rect: fillColor = 'red'
724.1323 	EXP 	unnamed Rect: fillColor = 'aqua'
724.1323 	EXP 	unnamed Rect: fillColor = 'yellow'
724.1323 	EXP 	unnamed Rect: fillColor = 'fuchsia'
724.1490 	EXP 	unnamed ShapeStim: borderColor = 'white'
725.9490 	EXP 	unnamed ShapeStim: borderColor = 'red'
728.4658 	EXP 	unnamed Rect: fillColor = 'red'
729.4821 	EXP 	unnamed Rect: fillColor = 'aqua'
729.4821 	EXP 	unnamed Rect: fillColor = 'yellow'
729.4821 	EXP 	unnamed Rect: fillColor = 'fuchsia'
729.4990 	EXP 	unnamed ShapeStim: borderColor = 'white'
730.3322 	EXP 	unnamed ShapeStim: borderColor = 'red'
733.6491 	EXP 	unnamed ShapeStim: borderColor = 'white'
733.6491 	EXP 	unnamed ShapeStim: borderColor = 'red'
736.9154 	EXP 	unnamed ShapeStim: borderColor = 'white'
738.7157 	EXP 	unnamed ShapeStim: borderColor = 'red'
741.7658 	EXP 	unnamed Rect: fillColor = 'red'
742.7658 	EXP 	unnamed Rect: fillColor = 'aqua'
742.7658 	EXP 	unnamed Rect: fillColor = 'yellow'
742.7658 	EXP 	unnamed Rect: fillColor = 'fuchsia'
744.4001 	DATA 	Mouse:  Left button up, pos=(1032,318)
767.3547 	DATA 	Keypress: space
767.3568 	EXP 	Device response: <KeyPress from None: t=767.3030676999988, value=space, duration=None>
767.3595 	EXP 	unnamed ShapeStim: borderColor = 'white'
767.3825 	EXP 	Device response: <KeyPress from None: t=767.3030676999988, value=space, duration=0.06945959999939078>
770.1491 	EXP 	unnamed ShapeStim: borderColor = 'red'
772.1208 	DATA 	Mouse: Left button down, pos=(947,97)
772.6825 	EXP 	unnamed Rect: fillColor = 'red'
773.6823 	EXP 	unnamed Rect: fillColor = 'aqua'
773.6823 	EXP 	unnamed Rect: fillColor = 'yellow'
773.6823 	EXP 	unnamed Rect: fillColor = 'fuchsia'
773.6990 	EXP 	unnamed ShapeStim: borderColor = 'white'
774.5486 	EXP 	unnamed ShapeStim: borderColor = 'red'
777.0989 	EXP 	unnamed Rect: fillColor = 'red'
778.0988 	EXP 	unnamed Rect: fillColor = 'aqua'
778.0988 	EXP 	unnamed Rect: fillColor = 'yellow'
778.0988 	EXP 	unnamed Rect: fillColor = 'fuchsia'
778.1154 	EXP 	unnamed ShapeStim: borderColor = 'white'
779.3152 	EXP 	unnamed ShapeStim: borderColor = 'red'
782.4497 	EXP 	unnamed ShapeStim: borderColor = 'white'
783.8659 	EXP 	unnamed ShapeStim: borderColor = 'red'
786.8154 	EXP 	unnamed ShapeStim: borderColor = 'white'
788.4156 	EXP 	unnamed ShapeStim: borderColor = 'red'
791.5818 	EXP 	unnamed ShapeStim: borderColor = 'white'
793.5486 	EXP 	unnamed ShapeStim: borderColor = 'red'
796.7153 	EXP 	unnamed ShapeStim: borderColor = 'white'
798.0655 	EXP 	unnamed ShapeStim: borderColor = 'red'
800.6488 	EXP 	unnamed Rect: fillColor = 'red'
801.6655 	EXP 	unnamed Rect: fillColor = 'aqua'
801.6655 	EXP 	unnamed Rect: fillColor = 'yellow'
801.6655 	EXP 	unnamed Rect: fillColor = 'fuchsia'
801.6819 	EXP 	unnamed ShapeStim: borderColor = 'white'
802.7156 	EXP 	unnamed ShapeStim: borderColor = 'red'
805.0820 	EXP 	unnamed Rect: fillColor = 'red'
806.0987 	EXP 	unnamed Rect: fillColor = 'aqua'
806.0987 	EXP 	unnamed Rect: fillColor = 'yellow'
806.0987 	EXP 	unnamed Rect: fillColor = 'fuchsia'
806.1150 	EXP 	unnamed ShapeStim: borderColor = 'white'
806.9654 	EXP 	unnamed ShapeStim: borderColor = 'red'
810.3656 	EXP 	unnamed ShapeStim: borderColor = 'white'
810.3656 	EXP 	unnamed ShapeStim: borderColor = 'red'
813.5820 	EXP 	unnamed Rect: fillColor = 'red'
814.5988 	EXP 	unnamed Rect: fillColor = 'aqua'
814.5988 	EXP 	unnamed Rect: fillColor = 'yellow'
814.5988 	EXP 	unnamed Rect: fillColor = 'fuchsia'
814.6150 	EXP 	unnamed ShapeStim: borderColor = 'white'
815.5151 	EXP 	unnamed ShapeStim: borderColor = 'red'
817.6984 	EXP 	unnamed Rect: fillColor = 'red'
818.6987 	EXP 	unnamed Rect: fillColor = 'aqua'
818.6987 	EXP 	unnamed Rect: fillColor = 'yellow'
818.6987 	EXP 	unnamed Rect: fillColor = 'fuchsia'
818.7154 	EXP 	unnamed ShapeStim: borderColor = 'white'
819.7653 	EXP 	unnamed ShapeStim: borderColor = 'red'
822.5821 	EXP 	unnamed Rect: fillColor = 'red'
823.5987 	EXP 	unnamed Rect: fillColor = 'aqua'
823.5987 	EXP 	unnamed Rect: fillColor = 'yellow'
823.5987 	EXP 	unnamed Rect: fillColor = 'fuchsia'
823.6155 	EXP 	unnamed ShapeStim: borderColor = 'white'
824.9651 	EXP 	unnamed ShapeStim: borderColor = 'red'
827.3654 	EXP 	unnamed Rect: fillColor = 'red'
828.3818 	EXP 	unnamed Rect: fillColor = 'aqua'
828.3818 	EXP 	unnamed Rect: fillColor = 'yellow'
828.3818 	EXP 	unnamed Rect: fillColor = 'fuchsia'
828.3984 	EXP 	unnamed ShapeStim: borderColor = 'white'
829.8487 	EXP 	unnamed ShapeStim: borderColor = 'red'
832.1154 	EXP 	unnamed Rect: fillColor = 'red'
833.1320 	EXP 	unnamed Rect: fillColor = 'aqua'
833.1320 	EXP 	unnamed Rect: fillColor = 'yellow'
833.1320 	EXP 	unnamed Rect: fillColor = 'fuchsia'
833.1484 	EXP 	unnamed ShapeStim: borderColor = 'white'
834.4320 	EXP 	unnamed ShapeStim: borderColor = 'red'
836.7652 	EXP 	unnamed Rect: fillColor = 'red'
837.7818 	EXP 	unnamed Rect: fillColor = 'aqua'
837.7818 	EXP 	unnamed Rect: fillColor = 'yellow'
837.7818 	EXP 	unnamed Rect: fillColor = 'fuchsia'
837.7988 	EXP 	unnamed ShapeStim: borderColor = 'white'
838.8153 	EXP 	unnamed ShapeStim: borderColor = 'red'
840.7986 	EXP 	unnamed Rect: fillColor = 'red'
841.8149 	EXP 	unnamed Rect: fillColor = 'aqua'
841.8149 	EXP 	unnamed Rect: fillColor = 'yellow'
841.8149 	EXP 	unnamed Rect: fillColor = 'fuchsia'
841.8318 	EXP 	unnamed ShapeStim: borderColor = 'white'
842.9319 	EXP 	unnamed ShapeStim: borderColor = 'red'
845.9154 	EXP 	unnamed Rect: fillColor = 'red'
846.9318 	EXP 	unnamed Rect: fillColor = 'aqua'
846.9318 	EXP 	unnamed Rect: fillColor = 'yellow'
846.9318 	EXP 	unnamed Rect: fillColor = 'fuchsia'
846.9484 	EXP 	unnamed ShapeStim: borderColor = 'white'
848.0318 	EXP 	unnamed ShapeStim: borderColor = 'red'
850.5486 	EXP 	unnamed Rect: fillColor = 'red'
851.5654 	EXP 	unnamed Rect: fillColor = 'aqua'
851.5654 	EXP 	unnamed Rect: fillColor = 'yellow'
851.5654 	EXP 	unnamed Rect: fillColor = 'fuchsia'
851.5816 	EXP 	unnamed ShapeStim: borderColor = 'white'
852.7985 	EXP 	unnamed ShapeStim: borderColor = 'red'
856.1659 	EXP 	unnamed ShapeStim: borderColor = 'white'
857.6649 	EXP 	unnamed ShapeStim: borderColor = 'red'
860.2151 	EXP 	unnamed Rect: fillColor = 'red'
861.2319 	EXP 	unnamed Rect: fillColor = 'aqua'
861.2319 	EXP 	unnamed Rect: fillColor = 'yellow'
861.2319 	EXP 	unnamed Rect: fillColor = 'fuchsia'
861.2483 	EXP 	unnamed ShapeStim: borderColor = 'white'
862.4484 	EXP 	unnamed ShapeStim: borderColor = 'red'
865.4484 	EXP 	unnamed ShapeStim: borderColor = 'white'
866.8487 	EXP 	unnamed ShapeStim: borderColor = 'red'
868.9319 	EXP 	unnamed Rect: fillColor = 'red'
869.9482 	EXP 	unnamed Rect: fillColor = 'aqua'
869.9482 	EXP 	unnamed Rect: fillColor = 'yellow'
869.9482 	EXP 	unnamed Rect: fillColor = 'fuchsia'
869.9649 	EXP 	unnamed ShapeStim: borderColor = 'white'
871.0319 	EXP 	unnamed ShapeStim: borderColor = 'red'
873.9482 	EXP 	unnamed ShapeStim: borderColor = 'white'
875.7987 	EXP 	unnamed ShapeStim: borderColor = 'red'
878.2816 	EXP 	unnamed Rect: fillColor = 'red'
879.2818 	EXP 	unnamed Rect: fillColor = 'aqua'
879.2818 	EXP 	unnamed Rect: fillColor = 'yellow'
879.2818 	EXP 	unnamed Rect: fillColor = 'fuchsia'
879.2982 	EXP 	unnamed ShapeStim: borderColor = 'white'
880.3483 	EXP 	unnamed ShapeStim: borderColor = 'red'
883.6149 	EXP 	unnamed ShapeStim: borderColor = 'white'
884.8484 	EXP 	unnamed ShapeStim: borderColor = 'red'
887.5151 	EXP 	unnamed ShapeStim: borderColor = 'white'
888.9652 	EXP 	unnamed ShapeStim: borderColor = 'red'
892.6313 	EXP 	unnamed ShapeStim: borderColor = 'white'
892.6313 	EXP 	unnamed ShapeStim: borderColor = 'red'
895.2484 	EXP 	unnamed Rect: fillColor = 'red'
896.2483 	EXP 	unnamed Rect: fillColor = 'aqua'
896.2483 	EXP 	unnamed Rect: fillColor = 'yellow'
896.2483 	EXP 	unnamed Rect: fillColor = 'fuchsia'
896.2648 	EXP 	unnamed ShapeStim: borderColor = 'white'
897.5485 	EXP 	unnamed ShapeStim: borderColor = 'red'
899.9651 	EXP 	unnamed Rect: fillColor = 'red'
900.9816 	EXP 	unnamed Rect: fillColor = 'aqua'
900.9816 	EXP 	unnamed Rect: fillColor = 'yellow'
900.9816 	EXP 	unnamed Rect: fillColor = 'fuchsia'
900.9981 	EXP 	unnamed ShapeStim: borderColor = 'white'
902.4818 	EXP 	unnamed ShapeStim: borderColor = 'red'
908.3543 	DATA 	Mouse:  Left button up, pos=(1197,291)
913.3875 	DATA 	Keypress: space
913.3891 	EXP 	Device response: <KeyPress from None: t=913.3125325000001, value=space, duration=None>
913.3892 	EXP 	Device response: <KeyPress from None: t=913.3125325000001, value=space, duration=0.06973400000060792>
913.3911 	EXP 	unnamed ShapeStim: borderColor = 'white'
916.5649 	EXP 	unnamed ShapeStim: borderColor = 'red'
918.5001 	DATA 	Mouse: Left button down, pos=(958,98)
919.6980 	EXP 	unnamed ShapeStim: borderColor = 'white'
921.3648 	EXP 	unnamed ShapeStim: borderColor = 'red'
923.5315 	EXP 	unnamed Rect: fillColor = 'red'
924.5482 	EXP 	unnamed Rect: fillColor = 'aqua'
924.5482 	EXP 	unnamed Rect: fillColor = 'yellow'
924.5482 	EXP 	unnamed Rect: fillColor = 'fuchsia'
924.5645 	EXP 	unnamed ShapeStim: borderColor = 'white'
925.6980 	EXP 	unnamed ShapeStim: borderColor = 'red'
928.8979 	EXP 	unnamed ShapeStim: borderColor = 'white'
930.5651 	EXP 	unnamed ShapeStim: borderColor = 'red'
932.9647 	EXP 	unnamed Rect: fillColor = 'red'
933.9813 	EXP 	unnamed Rect: fillColor = 'aqua'
933.9813 	EXP 	unnamed Rect: fillColor = 'yellow'
933.9813 	EXP 	unnamed Rect: fillColor = 'fuchsia'
933.9979 	EXP 	unnamed ShapeStim: borderColor = 'white'
934.9981 	EXP 	unnamed ShapeStim: borderColor = 'red'
937.1814 	EXP 	unnamed Rect: fillColor = 'red'
938.1980 	EXP 	unnamed Rect: fillColor = 'aqua'
938.1980 	EXP 	unnamed Rect: fillColor = 'yellow'
938.1980 	EXP 	unnamed Rect: fillColor = 'fuchsia'
938.2158 	EXP 	unnamed ShapeStim: borderColor = 'white'
939.4312 	EXP 	unnamed ShapeStim: borderColor = 'red'
942.2814 	EXP 	unnamed ShapeStim: borderColor = 'white'
943.8813 	EXP 	unnamed ShapeStim: borderColor = 'red'
946.9645 	EXP 	unnamed ShapeStim: borderColor = 'white'
948.4148 	EXP 	unnamed ShapeStim: borderColor = 'red'
950.9481 	EXP 	unnamed Rect: fillColor = 'red'
951.9479 	EXP 	unnamed Rect: fillColor = 'aqua'
951.9479 	EXP 	unnamed Rect: fillColor = 'yellow'
951.9479 	EXP 	unnamed Rect: fillColor = 'fuchsia'
951.9647 	EXP 	unnamed ShapeStim: borderColor = 'white'
953.0311 	EXP 	unnamed ShapeStim: borderColor = 'red'
955.3314 	EXP 	unnamed Rect: fillColor = 'red'
956.3480 	EXP 	unnamed Rect: fillColor = 'aqua'
956.3480 	EXP 	unnamed Rect: fillColor = 'yellow'
956.3480 	EXP 	unnamed Rect: fillColor = 'fuchsia'
956.3647 	EXP 	unnamed ShapeStim: borderColor = 'white'
957.8646 	EXP 	unnamed ShapeStim: borderColor = 'red'
960.6812 	EXP 	unnamed ShapeStim: borderColor = 'white'
962.0312 	EXP 	unnamed ShapeStim: borderColor = 'red'
964.3480 	EXP 	unnamed Rect: fillColor = 'red'
965.3647 	EXP 	unnamed Rect: fillColor = 'aqua'
965.3647 	EXP 	unnamed Rect: fillColor = 'yellow'
965.3647 	EXP 	unnamed Rect: fillColor = 'fuchsia'
965.3812 	EXP 	unnamed ShapeStim: borderColor = 'white'
966.1481 	EXP 	unnamed ShapeStim: borderColor = 'red'
968.4814 	EXP 	unnamed Rect: fillColor = 'red'
969.4980 	EXP 	unnamed Rect: fillColor = 'aqua'
969.4980 	EXP 	unnamed Rect: fillColor = 'yellow'
969.4980 	EXP 	unnamed Rect: fillColor = 'fuchsia'
969.5145 	EXP 	unnamed ShapeStim: borderColor = 'white'
970.6644 	EXP 	unnamed ShapeStim: borderColor = 'red'
973.0979 	EXP 	unnamed Rect: fillColor = 'red'
974.1144 	EXP 	unnamed Rect: fillColor = 'aqua'
974.1144 	EXP 	unnamed Rect: fillColor = 'yellow'
974.1144 	EXP 	unnamed Rect: fillColor = 'fuchsia'
974.1311 	EXP 	unnamed ShapeStim: borderColor = 'white'
975.8646 	EXP 	unnamed ShapeStim: borderColor = 'red'
978.0646 	EXP 	unnamed Rect: fillColor = 'red'
979.0813 	EXP 	unnamed Rect: fillColor = 'aqua'
979.0813 	EXP 	unnamed Rect: fillColor = 'yellow'
979.0813 	EXP 	unnamed Rect: fillColor = 'fuchsia'
979.0980 	EXP 	unnamed ShapeStim: borderColor = 'white'
980.3478 	EXP 	unnamed ShapeStim: borderColor = 'red'
983.4477 	EXP 	unnamed ShapeStim: borderColor = 'white'
984.8646 	EXP 	unnamed ShapeStim: borderColor = 'red'
987.4310 	EXP 	unnamed Rect: fillColor = 'red'
988.4481 	EXP 	unnamed Rect: fillColor = 'aqua'
988.4481 	EXP 	unnamed Rect: fillColor = 'yellow'
988.4481 	EXP 	unnamed Rect: fillColor = 'fuchsia'
988.4645 	EXP 	unnamed ShapeStim: borderColor = 'white'
989.5145 	EXP 	unnamed ShapeStim: borderColor = 'red'
991.7479 	EXP 	unnamed Rect: fillColor = 'red'
992.7644 	EXP 	unnamed Rect: fillColor = 'aqua'
992.7644 	EXP 	unnamed Rect: fillColor = 'yellow'
992.7644 	EXP 	unnamed Rect: fillColor = 'fuchsia'
992.7808 	EXP 	unnamed ShapeStim: borderColor = 'white'
994.2311 	EXP 	unnamed ShapeStim: borderColor = 'red'
997.3645 	EXP 	unnamed ShapeStim: borderColor = 'white'
999.9479 	EXP 	unnamed ShapeStim: borderColor = 'red'
1002.1810 	EXP 	unnamed Rect: fillColor = 'red'
1003.1977 	EXP 	unnamed Rect: fillColor = 'aqua'
1003.1977 	EXP 	unnamed Rect: fillColor = 'yellow'
1003.1977 	EXP 	unnamed Rect: fillColor = 'fuchsia'
1003.2145 	EXP 	unnamed ShapeStim: borderColor = 'white'
1004.8312 	EXP 	unnamed ShapeStim: borderColor = 'red'
1007.0978 	EXP 	unnamed Rect: fillColor = 'red'
1008.1145 	EXP 	unnamed Rect: fillColor = 'aqua'
1008.1145 	EXP 	unnamed Rect: fillColor = 'yellow'
1008.1145 	EXP 	unnamed Rect: fillColor = 'fuchsia'
1008.1310 	EXP 	unnamed ShapeStim: borderColor = 'white'
1009.3476 	EXP 	unnamed ShapeStim: borderColor = 'red'
1011.9311 	EXP 	unnamed Rect: fillColor = 'red'
1012.9311 	EXP 	unnamed Rect: fillColor = 'aqua'
1012.9311 	EXP 	unnamed Rect: fillColor = 'yellow'
1012.9311 	EXP 	unnamed Rect: fillColor = 'fuchsia'
1012.9478 	EXP 	unnamed ShapeStim: borderColor = 'white'
1014.2977 	EXP 	unnamed ShapeStim: borderColor = 'red'
1016.5478 	EXP 	unnamed Rect: fillColor = 'red'
1017.5643 	EXP 	unnamed Rect: fillColor = 'aqua'
1017.5643 	EXP 	unnamed Rect: fillColor = 'yellow'
1017.5643 	EXP 	unnamed Rect: fillColor = 'fuchsia'
1017.5811 	EXP 	unnamed ShapeStim: borderColor = 'white'
1019.0646 	EXP 	unnamed ShapeStim: borderColor = 'red'
1021.4310 	EXP 	unnamed Rect: fillColor = 'red'
1022.4310 	EXP 	unnamed Rect: fillColor = 'aqua'
1022.4310 	EXP 	unnamed Rect: fillColor = 'yellow'
1022.4310 	EXP 	unnamed Rect: fillColor = 'fuchsia'
1022.4475 	EXP 	unnamed ShapeStim: borderColor = 'white'
1023.7978 	EXP 	unnamed ShapeStim: borderColor = 'red'
1029.6808 	EXP 	unnamed Rect: fillColor = 'red'
1030.6809 	EXP 	unnamed Rect: fillColor = 'aqua'
1030.6809 	EXP 	unnamed Rect: fillColor = 'yellow'
1030.6809 	EXP 	unnamed Rect: fillColor = 'fuchsia'
1030.6977 	EXP 	unnamed ShapeStim: borderColor = 'white'
1032.6808 	EXP 	unnamed ShapeStim: borderColor = 'red'
1036.0140 	EXP 	unnamed ShapeStim: borderColor = 'white'
1037.5978 	EXP 	unnamed ShapeStim: borderColor = 'red'
1039.9147 	EXP 	unnamed Rect: fillColor = 'red'
1040.9308 	EXP 	unnamed Rect: fillColor = 'aqua'
1040.9308 	EXP 	unnamed Rect: fillColor = 'yellow'
1040.9308 	EXP 	unnamed Rect: fillColor = 'fuchsia'
1040.9474 	EXP 	unnamed ShapeStim: borderColor = 'white'
1042.1476 	EXP 	unnamed ShapeStim: borderColor = 'red'
1045.0307 	EXP 	unnamed ShapeStim: borderColor = 'white'
1046.6642 	EXP 	unnamed ShapeStim: borderColor = 'red'
1049.1477 	EXP 	unnamed Rect: fillColor = 'red'
1050.1641 	EXP 	unnamed Rect: fillColor = 'aqua'
1050.1641 	EXP 	unnamed Rect: fillColor = 'yellow'
1050.1641 	EXP 	unnamed Rect: fillColor = 'fuchsia'
1050.1807 	EXP 	unnamed ShapeStim: borderColor = 'white'
1051.3807 	EXP 	unnamed ShapeStim: borderColor = 'red'
1055.0642 	EXP 	unnamed ShapeStim: borderColor = 'white'
1055.0642 	EXP 	unnamed ShapeStim: borderColor = 'red'
1057.4981 	EXP 	unnamed Rect: fillColor = 'red'
1058.5144 	EXP 	unnamed Rect: fillColor = 'aqua'
1058.5144 	EXP 	unnamed Rect: fillColor = 'yellow'
1058.5144 	EXP 	unnamed Rect: fillColor = 'fuchsia'
1058.5145 	INFO 	Ending experiment normally.
1058.5368 	EXP 	Created unnamed TextStim = TextStim(__class__=<class 'psychopy.visual.text.TextStim'>, alignHoriz=method-wrapper(...), alignText='center', alignVert=method-wrapper(...), anchorHoriz='center', anchorVert='center', antialias=True, autoDraw=False, autoLog=True, bold=False, color=array([1., 1., 1.]), colorSpace='rgb', contrast=1.0, depth=0, draggable=False, flipHoriz=False, flipVert=False, font='', fontFiles=[], height=0.07, italic=False, languageStyle='LTR', name='unnamed TextStim', opacity=1.0, ori=0.0, pos=array([0., 0.]), rgb=UNKNOWN, text='Ende - Vielen Dank!', units='height', win=Window(...), wrapWidth=1)
